2025-09-08 14:21:42,903 | INFO | ======== Run started (2025-09-08T14:21:42) ========
2025-09-08 14:21:42,904 | INFO | Device: cuda
2025-09-08 14:21:42,904 | INFO | Num epochs: 20 | Batch size: 32 | Train fraction per fold: 0.25
2025-09-08 14:21:42,905 | INFO | Classes: F0, F1, F2, F3, F4
2025-09-08 14:21:42,905 | INFO | Saving global best to: e:\resnet50+cbam\best_model.pth
2025-09-08 14:21:42,906 | INFO | Per-fold checkpoints under: e:\resnet50+cbam\checkpoints\resnet50_no_aug_kfold
2025-09-08 14:21:42,909 | INFO | 
----- FOLD 1 -----
2025-09-08 14:21:43,222 | INFO | Epoch 1/20
2025-09-08 14:21:58,262 | INFO | Train Loss: 1.2464 | Train Acc: 0.4628 | Val Loss: 1.2267 | Val Acc: 0.5186
2025-09-08 14:21:58,279 | INFO | Confusion Matrix:
[[363   0   0   0  60]
 [ 12   7   0  11 142]
 [  0   0   0   6 153]
 [  0   0   0  14 157]
 [ 60   0   0   8 272]]
2025-09-08 14:21:58,280 | INFO | Classification Report:
              precision    recall  f1-score   support

          F0     0.8345    0.8582    0.8462       423
          F1     1.0000    0.0407    0.0782       172
          F2     0.0000    0.0000    0.0000       159
          F3     0.3590    0.0819    0.1333       171
          F4     0.3469    0.8000    0.4840       340

    accuracy                         0.5186      1265
   macro avg     0.5081    0.3561    0.3083      1265
weighted avg     0.5568    0.5186    0.4417      1265

2025-09-08 14:21:58,485 | INFO |  New FOLD 1 best: 0.5186  ->  checkpoints\resnet50_no_aug_kfold\fold_1\model_best.pth
2025-09-08 14:21:58,580 | INFO |  New GLOBAL best (fold 1, epoch 1): 0.5186 -> best_model.pth
2025-09-08 14:21:58,581 | INFO | Epoch 2/20
2025-09-08 14:22:12,510 | INFO | Train Loss: 1.0732 | Train Acc: 0.5380 | Val Loss: 1.0530 | Val Acc: 0.6040
2025-09-08 14:22:12,517 | INFO | Confusion Matrix:
[[416   0   0   0   7]
 [ 27  23   0  51  71]
 [  0   1   0  73  85]
 [  0   0   0  95  76]
 [ 65   8   0  37 230]]
2025-09-08 14:22:12,517 | INFO | Classification Report:
              precision    recall  f1-score   support

          F0     0.8189    0.9835    0.8937       423
          F1     0.7188    0.1337    0.2255       172
          F2     0.0000    0.0000    0.0000       159
          F3     0.3711    0.5556    0.4450       171
          F4     0.4904    0.6765    0.5686       340

    accuracy                         0.6040      1265
   macro avg     0.4798    0.4698    0.4265      1265
weighted avg     0.5535    0.6040    0.5425      1265

2025-09-08 14:22:12,741 | INFO |  New FOLD 1 best: 0.6040  ->  checkpoints\resnet50_no_aug_kfold\fold_1\model_best.pth
2025-09-08 14:22:12,853 | INFO |  New GLOBAL best (fold 1, epoch 2): 0.6040 -> best_model.pth
2025-09-08 14:22:12,854 | INFO | Epoch 3/20
2025-09-08 14:22:26,786 | INFO | Train Loss: 1.0060 | Train Acc: 0.6203 | Val Loss: 1.0259 | Val Acc: 0.6119
2025-09-08 14:22:26,793 | INFO | Confusion Matrix:
[[404   0   0   0  19]
 [ 21   7   3  28 113]
 [  0   1  19  20 119]
 [  0   0   7  60 104]
 [ 33   0   7  16 284]]
2025-09-08 14:22:26,793 | INFO | Classification Report:
              precision    recall  f1-score   support

          F0     0.8821    0.9551    0.9171       423
          F1     0.8750    0.0407    0.0778       172
          F2     0.5278    0.1195    0.1949       159
          F3     0.4839    0.3509    0.4068       171
          F4     0.4444    0.8353    0.5802       340

    accuracy                         0.6119      1265
   macro avg     0.6426    0.4603    0.4354      1265
weighted avg     0.6651    0.6119    0.5527      1265

2025-09-08 14:22:27,009 | INFO |  New FOLD 1 best: 0.6119  ->  checkpoints\resnet50_no_aug_kfold\fold_1\model_best.pth
2025-09-08 14:22:27,102 | INFO |  New GLOBAL best (fold 1, epoch 3): 0.6119 -> best_model.pth
2025-09-08 14:22:27,103 | INFO | Epoch 4/20
2025-09-08 14:22:40,721 | INFO | Train Loss: 0.9441 | Train Acc: 0.6661 | Val Loss: 1.0645 | Val Acc: 0.5905
2025-09-08 14:22:40,728 | INFO | Confusion Matrix:
[[333   7   0   0  83]
 [ 12  66   0  67  27]
 [  0  23   0 125  11]
 [  0  16   0 147   8]
 [  5  36   0  98 201]]
2025-09-08 14:22:40,728 | INFO | Classification Report:
              precision    recall  f1-score   support

          F0     0.9514    0.7872    0.8616       423
          F1     0.4459    0.3837    0.4125       172
          F2     0.0000    0.0000    0.0000       159
          F3     0.3364    0.8596    0.4836       171
          F4     0.6091    0.5912    0.6000       340

    accuracy                         0.5905      1265
   macro avg     0.4686    0.5244    0.4715      1265
weighted avg     0.5880    0.5905    0.5708      1265

2025-09-08 14:22:40,826 | INFO | Epoch 5/20
2025-09-08 14:22:54,406 | INFO | Train Loss: 0.8814 | Train Acc: 0.6986 | Val Loss: 1.0338 | Val Acc: 0.5794
2025-09-08 14:22:54,413 | INFO | Confusion Matrix:
[[375  38   0   0  10]
 [  9  81   0  66  16]
 [  0  20   5 134   0]
 [  0  20   1 150   0]
 [ 11  87  15 105 122]]
2025-09-08 14:22:54,413 | INFO | Classification Report:
              precision    recall  f1-score   support

          F0     0.9494    0.8865    0.9169       423
          F1     0.3293    0.4709    0.3876       172
          F2     0.2381    0.0314    0.0556       159
          F3     0.3297    0.8772    0.4792       171
          F4     0.8243    0.3588    0.5000       340

    accuracy                         0.5794      1265
   macro avg     0.5341    0.5250    0.4678      1265
weighted avg     0.6583    0.5794    0.5654      1265

2025-09-08 14:22:54,509 | INFO | Epoch 6/20
2025-09-08 14:23:08,003 | INFO | Train Loss: 0.7804 | Train Acc: 0.7642 | Val Loss: 1.1025 | Val Acc: 0.5399
2025-09-08 14:23:08,009 | INFO | Confusion Matrix:
[[259 131   0   0  33]
 [  2 140   7   1  22]
 [  0  93  42   4  20]
 [  0 125  23  11  12]
 [  1  97  11   0 231]]
2025-09-08 14:23:08,009 | INFO | Classification Report:
              precision    recall  f1-score   support

          F0     0.9885    0.6123    0.7562       423
          F1     0.2389    0.8140    0.3694       172
          F2     0.5060    0.2642    0.3471       159
          F3     0.6875    0.0643    0.1176       171
          F4     0.7264    0.6794    0.7021       340

    accuracy                         0.5399      1265
   macro avg     0.6295    0.4868    0.4585      1265
weighted avg     0.7148    0.5399    0.5513      1265

2025-09-08 14:23:08,124 | INFO | Epoch 7/20
2025-09-08 14:23:21,910 | INFO | Train Loss: 0.6339 | Train Acc: 0.8639 | Val Loss: 0.8779 | Val Acc: 0.6664
2025-09-08 14:23:21,916 | INFO | Confusion Matrix:
[[402  21   0   0   0]
 [  7 148   0  12   5]
 [  0 117   9  32   1]
 [  0 103   1  67   0]
 [ 12 102   0   9 217]]
2025-09-08 14:23:21,916 | INFO | Classification Report:
              precision    recall  f1-score   support

          F0     0.9549    0.9504    0.9526       423
          F1     0.3014    0.8605    0.4465       172
          F2     0.9000    0.0566    0.1065       159
          F3     0.5583    0.3918    0.4605       171
          F4     0.9731    0.6382    0.7709       340

    accuracy                         0.6664      1265
   macro avg     0.7375    0.5795    0.5474      1265
weighted avg     0.8104    0.6664    0.6621      1265

2025-09-08 14:23:22,119 | INFO |  New FOLD 1 best: 0.6664  ->  checkpoints\resnet50_no_aug_kfold\fold_1\model_best.pth
2025-09-08 14:23:22,213 | INFO |  New GLOBAL best (fold 1, epoch 7): 0.6664 -> best_model.pth
2025-09-08 14:23:22,214 | INFO | Epoch 8/20
2025-09-08 14:23:35,749 | INFO | Train Loss: 0.4972 | Train Acc: 0.9320 | Val Loss: 0.7517 | Val Acc: 0.7534
2025-09-08 14:23:35,756 | INFO | Confusion Matrix:
[[412   7   0   0   4]
 [  6 129   0   7  30]
 [  0  75  29  17  38]
 [  0  65   3  82  21]
 [  2  37   0   0 301]]
2025-09-08 14:23:35,756 | INFO | Classification Report:
              precision    recall  f1-score   support

          F0     0.9810    0.9740    0.9775       423
          F1     0.4121    0.7500    0.5320       172
          F2     0.9062    0.1824    0.3037       159
          F3     0.7736    0.4795    0.5921       171
          F4     0.7640    0.8853    0.8202       340

    accuracy                         0.7534      1265
   macro avg     0.7674    0.6542    0.6451      1265
weighted avg     0.8079    0.7534    0.7378      1265

2025-09-08 14:23:35,957 | INFO |  New FOLD 1 best: 0.7534  ->  checkpoints\resnet50_no_aug_kfold\fold_1\model_best.pth
2025-09-08 14:23:36,048 | INFO |  New GLOBAL best (fold 1, epoch 8): 0.7534 -> best_model.pth
2025-09-08 14:23:36,049 | INFO | Epoch 9/20
2025-09-08 14:23:49,661 | INFO | Train Loss: 0.3734 | Train Acc: 0.9715 | Val Loss: 0.8548 | Val Acc: 0.7486
2025-09-08 14:23:49,668 | INFO | Confusion Matrix:
[[411  12   0   0   0]
 [  1 128  42   1   0]
 [  0  13 145   1   0]
 [  0  33  97  41   0]
 [  4  84  30   0 222]]
2025-09-08 14:23:49,668 | INFO | Classification Report:
              precision    recall  f1-score   support

          F0     0.9880    0.9716    0.9797       423
          F1     0.4741    0.7442    0.5792       172
          F2     0.4618    0.9119    0.6131       159
          F3     0.9535    0.2398    0.3832       171
          F4     1.0000    0.6529    0.7900       340

    accuracy                         0.7486      1265
   macro avg     0.7755    0.7041    0.6690      1265
weighted avg     0.8505    0.7486    0.7476      1265

2025-09-08 14:23:49,767 | INFO | Epoch 10/20
2025-09-08 14:24:03,266 | INFO | Train Loss: 0.2858 | Train Acc: 0.9976 | Val Loss: 0.6674 | Val Acc: 0.8087
2025-09-08 14:24:03,273 | INFO | Confusion Matrix:
[[422   1   0   0   0]
 [  1 149  15   5   2]
 [  0  59  88  11   1]
 [  0  69  25  77   0]
 [  7  31  13   2 287]]
2025-09-08 14:24:03,273 | INFO | Classification Report:
              precision    recall  f1-score   support

          F0     0.9814    0.9976    0.9894       423
          F1     0.4822    0.8663    0.6195       172
          F2     0.6241    0.5535    0.5867       159
          F3     0.8105    0.4503    0.5789       171
          F4     0.9897    0.8441    0.9111       340

    accuracy                         0.8087      1265
   macro avg     0.7776    0.7424    0.7371      1265
weighted avg     0.8477    0.8087    0.8120      1265

2025-09-08 14:24:03,474 | INFO |  New FOLD 1 best: 0.8087  ->  checkpoints\resnet50_no_aug_kfold\fold_1\model_best.pth
2025-09-08 14:24:03,577 | INFO |  New GLOBAL best (fold 1, epoch 10): 0.8087 -> best_model.pth
2025-09-08 14:24:03,578 | INFO | Epoch 11/20
2025-09-08 14:24:17,053 | INFO | Train Loss: 0.2581 | Train Acc: 1.0000 | Val Loss: 0.6117 | Val Acc: 0.8103
2025-09-08 14:24:17,060 | INFO | Confusion Matrix:
[[423   0   0   0   0]
 [ 11 104   8  19  30]
 [  2   6  79  44  28]
 [  1  12  14 118  26]
 [ 14   8   9   8 301]]
2025-09-08 14:24:17,060 | INFO | Classification Report:
              precision    recall  f1-score   support

          F0     0.9379    1.0000    0.9680       423
          F1     0.8000    0.6047    0.6887       172
          F2     0.7182    0.4969    0.5874       159
          F3     0.6243    0.6901    0.6556       171
          F4     0.7818    0.8853    0.8303       340

    accuracy                         0.8103      1265
   macro avg     0.7725    0.7354    0.7460      1265
weighted avg     0.8072    0.8103    0.8029      1265

2025-09-08 14:24:17,274 | INFO |  New FOLD 1 best: 0.8103  ->  checkpoints\resnet50_no_aug_kfold\fold_1\model_best.pth
2025-09-08 14:24:17,370 | INFO |  New GLOBAL best (fold 1, epoch 11): 0.8103 -> best_model.pth
2025-09-08 14:24:17,370 | INFO | Epoch 12/20
2025-09-08 14:24:30,820 | INFO | Train Loss: 0.2443 | Train Acc: 1.0000 | Val Loss: 0.7407 | Val Acc: 0.8142
2025-09-08 14:24:30,825 | INFO | Confusion Matrix:
[[423   0   0   0   0]
 [  2 104   0  55  11]
 [  0   0  42 105  12]
 [  0   0   0 168   3]
 [  7   3   0  37 293]]
2025-09-08 14:24:30,826 | INFO | Classification Report:
              precision    recall  f1-score   support

          F0     0.9792    1.0000    0.9895       423
          F1     0.9720    0.6047    0.7455       172
          F2     1.0000    0.2642    0.4179       159
          F3     0.4603    0.9825    0.6269       171
          F4     0.9185    0.8618    0.8892       340

    accuracy                         0.8142      1265
   macro avg     0.8660    0.7426    0.7338      1265
weighted avg     0.8944    0.8142    0.8085      1265

2025-09-08 14:24:31,080 | INFO |  New FOLD 1 best: 0.8142  ->  checkpoints\resnet50_no_aug_kfold\fold_1\model_best.pth
2025-09-08 14:24:31,176 | INFO |  New GLOBAL best (fold 1, epoch 12): 0.8142 -> best_model.pth
2025-09-08 14:24:31,176 | INFO | Epoch 13/20
2025-09-08 14:24:44,599 | INFO | Train Loss: 0.2404 | Train Acc: 1.0000 | Val Loss: 0.6544 | Val Acc: 0.8158
2025-09-08 14:24:44,605 | INFO | Confusion Matrix:
[[423   0   0   0   0]
 [  3 102   0  50  17]
 [  0   6  52  80  21]
 [  0   4   3 157   7]
 [  8   7   0  27 298]]
2025-09-08 14:24:44,605 | INFO | Classification Report:
              precision    recall  f1-score   support

          F0     0.9747    1.0000    0.9872       423
          F1     0.8571    0.5930    0.7010       172
          F2     0.9455    0.3270    0.4860       159
          F3     0.5000    0.9181    0.6474       171
          F4     0.8688    0.8765    0.8726       340

    accuracy                         0.8158      1265
   macro avg     0.8292    0.7429    0.7388      1265
weighted avg     0.8624    0.8158    0.8086      1265

2025-09-08 14:24:44,808 | INFO |  New FOLD 1 best: 0.8158  ->  checkpoints\resnet50_no_aug_kfold\fold_1\model_best.pth
2025-09-08 14:24:44,908 | INFO |  New GLOBAL best (fold 1, epoch 13): 0.8158 -> best_model.pth
2025-09-08 14:24:44,909 | INFO | Epoch 14/20
2025-09-08 14:24:58,296 | INFO | Train Loss: 0.2373 | Train Acc: 1.0000 | Val Loss: 0.5771 | Val Acc: 0.8356
2025-09-08 14:24:58,302 | INFO | Confusion Matrix:
[[423   0   0   0   0]
 [  3 115  27   8  19]
 [  0   5 132  14   8]
 [  0  24  54  88   5]
 [  8   8  23   2 299]]
2025-09-08 14:24:58,303 | INFO | Classification Report:
              precision    recall  f1-score   support

          F0     0.9747    1.0000    0.9872       423
          F1     0.7566    0.6686    0.7099       172
          F2     0.5593    0.8302    0.6684       159
          F3     0.7857    0.5146    0.6219       171
          F4     0.9033    0.8794    0.8912       340

    accuracy                         0.8356      1265
   macro avg     0.7959    0.7786    0.7757      1265
weighted avg     0.8481    0.8356    0.8342      1265

2025-09-08 14:24:58,514 | INFO |  New FOLD 1 best: 0.8356  ->  checkpoints\resnet50_no_aug_kfold\fold_1\model_best.pth
2025-09-08 14:24:58,611 | INFO |  New GLOBAL best (fold 1, epoch 14): 0.8356 -> best_model.pth
2025-09-08 14:24:58,611 | INFO | Epoch 15/20
2025-09-08 14:25:11,911 | INFO | Train Loss: 0.2356 | Train Acc: 1.0000 | Val Loss: 0.6230 | Val Acc: 0.8134
2025-09-08 14:25:11,917 | INFO | Confusion Matrix:
[[421   2   0   0   0]
 [  1 148   4   6  13]
 [  0  42  79  11  27]
 [  0  62  18  80  11]
 [  8  26   4   1 301]]
2025-09-08 14:25:11,917 | INFO | Classification Report:
              precision    recall  f1-score   support

          F0     0.9791    0.9953    0.9871       423
          F1     0.5286    0.8605    0.6549       172
          F2     0.7524    0.4969    0.5985       159
          F3     0.8163    0.4678    0.5948       171
          F4     0.8551    0.8853    0.8699       340

    accuracy                         0.8134      1265
   macro avg     0.7863    0.7411    0.7410      1265
weighted avg     0.8340    0.8134    0.8086      1265

2025-09-08 14:25:12,018 | INFO | Epoch 16/20
2025-09-08 14:25:25,282 | INFO | Train Loss: 0.2346 | Train Acc: 1.0000 | Val Loss: 0.5747 | Val Acc: 0.8395
2025-09-08 14:25:25,289 | INFO | Confusion Matrix:
[[423   0   0   0   0]
 [  3 116  30  15   8]
 [  0   4 124  26   5]
 [  0   8  52 110   1]
 [ 13   5  27   6 289]]
2025-09-08 14:25:25,289 | INFO | Classification Report:
              precision    recall  f1-score   support

          F0     0.9636    1.0000    0.9814       423
          F1     0.8722    0.6744    0.7607       172
          F2     0.5322    0.7799    0.6327       159
          F3     0.7006    0.6433    0.6707       171
          F4     0.9538    0.8500    0.8989       340

    accuracy                         0.8395      1265
   macro avg     0.8045    0.7895    0.7889      1265
weighted avg     0.8587    0.8395    0.8434      1265

2025-09-08 14:25:26,088 | INFO |  New FOLD 1 best: 0.8395  ->  checkpoints\resnet50_no_aug_kfold\fold_1\model_best.pth
2025-09-08 14:25:26,187 | INFO |  New GLOBAL best (fold 1, epoch 16): 0.8395 -> best_model.pth
2025-09-08 14:25:26,188 | INFO | Epoch 17/20
2025-09-08 14:25:39,611 | INFO | Train Loss: 0.2350 | Train Acc: 1.0000 | Val Loss: 0.5938 | Val Acc: 0.8253
2025-09-08 14:25:39,616 | INFO | Confusion Matrix:
[[423   0   0   0   0]
 [  2 128  20   7  15]
 [  3  13 111  16  16]
 [  1  33  38  85  14]
 [  9  11  21   2 297]]
2025-09-08 14:25:39,617 | INFO | Classification Report:
              precision    recall  f1-score   support

          F0     0.9658    1.0000    0.9826       423
          F1     0.6919    0.7442    0.7171       172
          F2     0.5842    0.6981    0.6361       159
          F3     0.7727    0.4971    0.6050       171
          F4     0.8684    0.8735    0.8710       340

    accuracy                         0.8253      1265
   macro avg     0.7766    0.7626    0.7623      1265
weighted avg     0.8283    0.8253    0.8219      1265

2025-09-08 14:25:39,722 | INFO | Epoch 18/20
2025-09-08 14:25:52,975 | INFO | Train Loss: 0.2369 | Train Acc: 1.0000 | Val Loss: 0.5899 | Val Acc: 0.8253
2025-09-08 14:25:52,981 | INFO | Confusion Matrix:
[[423   0   0   0   0]
 [  5  99   8  35  25]
 [  0  10  80  54  15]
 [  0  14  11 138   8]
 [  3   9  10  14 304]]
2025-09-08 14:25:52,981 | INFO | Classification Report:
              precision    recall  f1-score   support

          F0     0.9814    1.0000    0.9906       423
          F1     0.7500    0.5756    0.6513       172
          F2     0.7339    0.5031    0.5970       159
          F3     0.5726    0.8070    0.6699       171
          F4     0.8636    0.8941    0.8786       340

    accuracy                         0.8253      1265
   macro avg     0.7803    0.7560    0.7575      1265
weighted avg     0.8319    0.8253    0.8216      1265

2025-09-08 14:25:53,082 | INFO | Epoch 19/20
2025-09-08 14:26:06,386 | INFO | Train Loss: 0.2339 | Train Acc: 1.0000 | Val Loss: 0.5645 | Val Acc: 0.8340
2025-09-08 14:26:06,392 | INFO | Confusion Matrix:
[[423   0   0   0   0]
 [  2 118  15  15  22]
 [  0   9  99  29  22]
 [  0  15  26 111  19]
 [  8   9  15   4 304]]
2025-09-08 14:26:06,393 | INFO | Classification Report:
              precision    recall  f1-score   support

          F0     0.9769    1.0000    0.9883       423
          F1     0.7815    0.6860    0.7307       172
          F2     0.6387    0.6226    0.6306       159
          F3     0.6981    0.6491    0.6727       171
          F4     0.8283    0.8941    0.8600       340

    accuracy                         0.8340      1265
   macro avg     0.7847    0.7704    0.7764      1265
weighted avg     0.8302    0.8340    0.8312      1265

2025-09-08 14:26:06,485 | INFO | Epoch 20/20
2025-09-08 14:26:19,794 | INFO | Train Loss: 0.2324 | Train Acc: 1.0000 | Val Loss: 0.5909 | Val Acc: 0.8190
2025-09-08 14:26:19,801 | INFO | Confusion Matrix:
[[421   2   0   0   0]
 [  1 136  15  12   8]
 [  0  33 104  17   5]
 [  0  48  32  89   2]
 [ 12  23  17   2 286]]
2025-09-08 14:26:19,802 | INFO | Classification Report:
              precision    recall  f1-score   support

          F0     0.9700    0.9953    0.9825       423
          F1     0.5620    0.7907    0.6570       172
          F2     0.6190    0.6541    0.6361       159
          F3     0.7417    0.5205    0.6117       171
          F4     0.9502    0.8412    0.8924       340

    accuracy                         0.8190      1265
   macro avg     0.7686    0.7603    0.7559      1265
weighted avg     0.8342    0.8190    0.8203      1265

2025-09-08 14:26:19,963 | INFO | Best Val Acc for Fold 1: 0.8395
2025-09-08 14:26:19,964 | INFO | 
----- FOLD 2 -----
2025-09-08 14:26:20,181 | INFO | Epoch 1/20
2025-09-08 14:26:33,537 | INFO | Train Loss: 1.2219 | Train Acc: 0.4794 | Val Loss: 1.2484 | Val Acc: 0.4735
2025-09-08 14:26:33,543 | INFO | Confusion Matrix:
[[423   0   0   0   0]
 [ 57   0   0   0 115]
 [  0   0   0   2 157]
 [  2   0   0   0 169]
 [164   0   0   0 176]]
2025-09-08 14:26:33,544 | INFO | Classification Report:
              precision    recall  f1-score   support

          F0     0.6548    1.0000    0.7914       423
          F1     0.0000    0.0000    0.0000       172
          F2     0.0000    0.0000    0.0000       159
          F3     0.0000    0.0000    0.0000       171
          F4     0.2853    0.5176    0.3678       340

    accuracy                         0.4735      1265
   macro avg     0.1880    0.3035    0.2318      1265
weighted avg     0.2956    0.4735    0.3635      1265

2025-09-08 14:26:33,713 | INFO |  New FOLD 2 best: 0.4735  ->  checkpoints\resnet50_no_aug_kfold\fold_2\model_best.pth
2025-09-08 14:26:33,713 | INFO | Epoch 2/20
2025-09-08 14:26:47,047 | INFO | Train Loss: 1.0556 | Train Acc: 0.5498 | Val Loss: 1.2110 | Val Acc: 0.4530
2025-09-08 14:26:47,054 | INFO | Confusion Matrix:
[[423   0   0   0   0]
 [ 76   9  15   0  72]
 [  9  16  24   0 110]
 [ 19  20  15   0 117]
 [210   4   9   0 117]]
2025-09-08 14:26:47,054 | INFO | Classification Report:
              precision    recall  f1-score   support

          F0     0.5739    1.0000    0.7293       423
          F1     0.1837    0.0523    0.0814       172
          F2     0.3810    0.1509    0.2162       159
          F3     0.0000    0.0000    0.0000       171
          F4     0.2812    0.3441    0.3095       340

    accuracy                         0.4530      1265
   macro avg     0.2840    0.3095    0.2673      1265
weighted avg     0.3404    0.4530    0.3653      1265

2025-09-08 14:26:47,153 | INFO | Epoch 3/20
2025-09-08 14:27:00,667 | INFO | Train Loss: 1.0073 | Train Acc: 0.5839 | Val Loss: 1.4582 | Val Acc: 0.3462
2025-09-08 14:27:00,674 | INFO | Confusion Matrix:
[[ 50  26   0   0 347]
 [  2  19   0  97  54]
 [  0   0   0 155   4]
 [  0   1   0 168   2]
 [  1   6   0 132 201]]
2025-09-08 14:27:00,675 | INFO | Classification Report:
              precision    recall  f1-score   support

          F0     0.9434    0.1182    0.2101       423
          F1     0.3654    0.1105    0.1696       172
          F2     0.0000    0.0000    0.0000       159
          F3     0.3043    0.9825    0.4647       171
          F4     0.3306    0.5912    0.4241       340

    accuracy                         0.3462      1265
   macro avg     0.3887    0.3605    0.2537      1265
weighted avg     0.4951    0.3462    0.2701      1265

2025-09-08 14:27:00,859 | INFO | Epoch 4/20
2025-09-08 14:27:14,207 | INFO | Train Loss: 0.9473 | Train Acc: 0.6551 | Val Loss: 1.0006 | Val Acc: 0.5802
2025-09-08 14:27:14,213 | INFO | Confusion Matrix:
[[418   0   0   0   5]
 [ 33   5   2   7 125]
 [  0   0   7  19 133]
 [  0   3   5  33 130]
 [ 63   2   4   0 271]]
2025-09-08 14:27:14,214 | INFO | Classification Report:
              precision    recall  f1-score   support

          F0     0.8132    0.9882    0.8922       423
          F1     0.5000    0.0291    0.0549       172
          F2     0.3889    0.0440    0.0791       159
          F3     0.5593    0.1930    0.2870       171
          F4     0.4081    0.7971    0.5398       340

    accuracy                         0.5802      1265
   macro avg     0.5339    0.4103    0.3706      1265
weighted avg     0.5741    0.5802    0.4996      1265

2025-09-08 14:27:14,437 | INFO |  New FOLD 2 best: 0.5802  ->  checkpoints\resnet50_no_aug_kfold\fold_2\model_best.pth
2025-09-08 14:27:14,438 | INFO | Epoch 5/20
2025-09-08 14:27:27,774 | INFO | Train Loss: 0.8958 | Train Acc: 0.6899 | Val Loss: 1.0381 | Val Acc: 0.6047
2025-09-08 14:27:27,780 | INFO | Confusion Matrix:
[[392  22   0   0   9]
 [ 11 109   0  32  20]
 [  0  68   0  87   4]
 [  0  63   0 103   5]
 [ 34 110   0  35 161]]
2025-09-08 14:27:27,781 | INFO | Classification Report:
              precision    recall  f1-score   support

          F0     0.8970    0.9267    0.9116       423
          F1     0.2930    0.6337    0.4007       172
          F2     0.0000    0.0000    0.0000       159
          F3     0.4008    0.6023    0.4813       171
          F4     0.8090    0.4735    0.5974       340

    accuracy                         0.6047      1265
   macro avg     0.4800    0.5273    0.4782      1265
weighted avg     0.6114    0.6047    0.5850      1265

2025-09-08 14:27:27,984 | INFO |  New FOLD 2 best: 0.6047  ->  checkpoints\resnet50_no_aug_kfold\fold_2\model_best.pth
2025-09-08 14:27:27,984 | INFO | Epoch 6/20
2025-09-08 14:27:41,275 | INFO | Train Loss: 0.8077 | Train Acc: 0.7547 | Val Loss: 1.0655 | Val Acc: 0.5621
2025-09-08 14:27:41,281 | INFO | Confusion Matrix:
[[405  18   0   0   0]
 [  9 155   0   0   8]
 [  0 139  20   0   0]
 [  0 165   6   0   0]
 [ 26 170  13   0 131]]
2025-09-08 14:27:41,281 | INFO | Classification Report:
              precision    recall  f1-score   support

          F0     0.9205    0.9574    0.9386       423
          F1     0.2396    0.9012    0.3785       172
          F2     0.5128    0.1258    0.2020       159
          F3     0.0000    0.0000    0.0000       171
          F4     0.9424    0.3853    0.5470       340

    accuracy                         0.5621      1265
   macro avg     0.5231    0.4739    0.4132      1265
weighted avg     0.6581    0.5621    0.5377      1265

2025-09-08 14:27:41,380 | INFO | Epoch 7/20
2025-09-08 14:27:54,781 | INFO | Train Loss: 0.6636 | Train Acc: 0.8434 | Val Loss: 0.7957 | Val Acc: 0.7589
2025-09-08 14:27:54,787 | INFO | Confusion Matrix:
[[417   0   0   0   6]
 [  8  43  38  41  42]
 [  0   0 105  23  31]
 [  0   0  54  97  20]
 [ 11   4  24   3 298]]
2025-09-08 14:27:54,788 | INFO | Classification Report:
              precision    recall  f1-score   support

          F0     0.9564    0.9858    0.9709       423
          F1     0.9149    0.2500    0.3927       172
          F2     0.4751    0.6604    0.5526       159
          F3     0.5915    0.5673    0.5791       171
          F4     0.7506    0.8765    0.8087       340

    accuracy                         0.7589      1265
   macro avg     0.7377    0.6680    0.6608      1265
weighted avg     0.7856    0.7589    0.7431      1265

2025-09-08 14:27:54,975 | INFO |  New FOLD 2 best: 0.7589  ->  checkpoints\resnet50_no_aug_kfold\fold_2\model_best.pth
2025-09-08 14:27:54,976 | INFO | Epoch 8/20
2025-09-08 14:28:08,512 | INFO | Train Loss: 0.4978 | Train Acc: 0.9193 | Val Loss: 1.3312 | Val Acc: 0.6514
2025-09-08 14:28:08,519 | INFO | Confusion Matrix:
[[392   2   0  26   3]
 [  0  33   0 128  11]
 [  0   0   0 159   0]
 [  0   0   0 169   2]
 [  1   0   0 109 230]]
2025-09-08 14:28:08,520 | INFO | Classification Report:
              precision    recall  f1-score   support

          F0     0.9975    0.9267    0.9608       423
          F1     0.9429    0.1919    0.3188       172
          F2     0.0000    0.0000    0.0000       159
          F3     0.2860    0.9883    0.4436       171
          F4     0.9350    0.6765    0.7850       340

    accuracy                         0.6514      1265
   macro avg     0.6322    0.5567    0.5016      1265
weighted avg     0.7517    0.6514    0.6356      1265

2025-09-08 14:28:08,620 | INFO | Epoch 9/20
2025-09-08 14:28:22,212 | INFO | Train Loss: 0.3504 | Train Acc: 0.9802 | Val Loss: 0.7249 | Val Acc: 0.8008
2025-09-08 14:28:22,218 | INFO | Confusion Matrix:
[[423   0   0   0   0]
 [ 25  60  48  19  20]
 [  0   3 141  12   3]
 [  0   5  64  96   6]
 [ 10   2  31   4 293]]
2025-09-08 14:28:22,218 | INFO | Classification Report:
              precision    recall  f1-score   support

          F0     0.9236    1.0000    0.9603       423
          F1     0.8571    0.3488    0.4959       172
          F2     0.4965    0.8868    0.6366       159
          F3     0.7328    0.5614    0.6358       171
          F4     0.9099    0.8618    0.8852       340

    accuracy                         0.8008      1265
   macro avg     0.7840    0.7318    0.7227      1265
weighted avg     0.8314    0.8008    0.7924      1265

2025-09-08 14:28:22,421 | INFO |  New FOLD 2 best: 0.8008  ->  checkpoints\resnet50_no_aug_kfold\fold_2\model_best.pth
2025-09-08 14:28:22,421 | INFO | Epoch 10/20
2025-09-08 14:28:35,778 | INFO | Train Loss: 0.2773 | Train Acc: 1.0000 | Val Loss: 0.7404 | Val Acc: 0.8008
2025-09-08 14:28:35,784 | INFO | Confusion Matrix:
[[420   0   0   0   3]
 [  4  84   4  68  12]
 [  0   6  63  89   1]
 [  0   5  12 151   3]
 [  1   4  11  29 295]]
2025-09-08 14:28:35,784 | INFO | Classification Report:
              precision    recall  f1-score   support

          F0     0.9882    0.9929    0.9906       423
          F1     0.8485    0.4884    0.6199       172
          F2     0.7000    0.3962    0.5060       159
          F3     0.4481    0.8830    0.5945       171
          F4     0.9395    0.8676    0.9021       340

    accuracy                         0.8008      1265
   macro avg     0.7849    0.7256    0.7226      1265
weighted avg     0.8469    0.8008    0.8020      1265

2025-09-08 14:28:35,878 | INFO | Epoch 11/20
2025-09-08 14:28:49,218 | INFO | Train Loss: 0.2568 | Train Acc: 0.9992 | Val Loss: 0.7041 | Val Acc: 0.8142
2025-09-08 14:28:49,226 | INFO | Confusion Matrix:
[[423   0   0   0   0]
 [ 10  82  31  38  11]
 [  0   4 103  52   0]
 [  0   2  35 133   1]
 [  3   5  23  20 289]]
2025-09-08 14:28:49,227 | INFO | Classification Report:
              precision    recall  f1-score   support

          F0     0.9702    1.0000    0.9849       423
          F1     0.8817    0.4767    0.6189       172
          F2     0.5365    0.6478    0.5869       159
          F3     0.5473    0.7778    0.6425       171
          F4     0.9601    0.8500    0.9017       340

    accuracy                         0.8142      1265
   macro avg     0.7792    0.7505    0.7470      1265
weighted avg     0.8438    0.8142    0.8165      1265

2025-09-08 14:28:49,420 | INFO |  New FOLD 2 best: 0.8142  ->  checkpoints\resnet50_no_aug_kfold\fold_2\model_best.pth
2025-09-08 14:28:49,421 | INFO | Epoch 12/20
2025-09-08 14:29:02,740 | INFO | Train Loss: 0.2457 | Train Acc: 1.0000 | Val Loss: 0.6365 | Val Acc: 0.8206
2025-09-08 14:29:02,747 | INFO | Confusion Matrix:
[[422   0   0   0   1]
 [  6  87  41  21  17]
 [  0   4 127  19   9]
 [  0   8  55 103   5]
 [  1   7  28   5 299]]
2025-09-08 14:29:02,747 | INFO | Classification Report:
              precision    recall  f1-score   support

          F0     0.9837    0.9976    0.9906       423
          F1     0.8208    0.5058    0.6259       172
          F2     0.5060    0.7987    0.6195       159
          F3     0.6959    0.6023    0.6458       171
          F4     0.9033    0.8794    0.8912       340

    accuracy                         0.8206      1265
   macro avg     0.7819    0.7568    0.7546      1265
weighted avg     0.8410    0.8206    0.8210      1265

2025-09-08 14:29:02,944 | INFO |  New FOLD 2 best: 0.8206  ->  checkpoints\resnet50_no_aug_kfold\fold_2\model_best.pth
2025-09-08 14:29:02,945 | INFO | Epoch 13/20
2025-09-08 14:29:16,385 | INFO | Train Loss: 0.2398 | Train Acc: 1.0000 | Val Loss: 0.6766 | Val Acc: 0.8047
2025-09-08 14:29:16,392 | INFO | Confusion Matrix:
[[422   0   0   0   1]
 [  6  87   3  53  23]
 [  0  10  60  64  25]
 [  0   6  13 143   9]
 [  1   6  10  17 306]]
2025-09-08 14:29:16,392 | INFO | Classification Report:
              precision    recall  f1-score   support

          F0     0.9837    0.9976    0.9906       423
          F1     0.7982    0.5058    0.6192       172
          F2     0.6977    0.3774    0.4898       159
          F3     0.5162    0.8363    0.6384       171
          F4     0.8407    0.9000    0.8693       340

    accuracy                         0.8047      1265
   macro avg     0.7673    0.7234    0.7215      1265
weighted avg     0.8209    0.8047    0.7970      1265

2025-09-08 14:29:16,491 | INFO | Epoch 14/20
2025-09-08 14:29:29,821 | INFO | Train Loss: 0.2391 | Train Acc: 1.0000 | Val Loss: 0.6372 | Val Acc: 0.8166
2025-09-08 14:29:29,829 | INFO | Confusion Matrix:
[[423   0   0   0   0]
 [  5  93  40  19  15]
 [  0  11 121  17  10]
 [  0  13  53  97   8]
 [  1   8  30   2 299]]
2025-09-08 14:29:29,829 | INFO | Classification Report:
              precision    recall  f1-score   support

          F0     0.9860    1.0000    0.9930       423
          F1     0.7440    0.5407    0.6263       172
          F2     0.4959    0.7610    0.6005       159
          F3     0.7185    0.5673    0.6340       171
          F4     0.9006    0.8794    0.8899       340

    accuracy                         0.8166      1265
   macro avg     0.7690    0.7497    0.7487      1265
weighted avg     0.8324    0.8166    0.8175      1265

2025-09-08 14:29:29,926 | INFO | Epoch 15/20
2025-09-08 14:29:43,252 | INFO | Train Loss: 0.2365 | Train Acc: 1.0000 | Val Loss: 0.6697 | Val Acc: 0.8040
2025-09-08 14:29:43,260 | INFO | Confusion Matrix:
[[422   0   0   0   1]
 [ 12  78  11  52  19]
 [  0   3  68  67  21]
 [  0   1  19 144   7]
 [  1   7  10  17 305]]
2025-09-08 14:29:43,260 | INFO | Classification Report:
              precision    recall  f1-score   support

          F0     0.9701    0.9976    0.9837       423
          F1     0.8764    0.4535    0.5977       172
          F2     0.6296    0.4277    0.5094       159
          F3     0.5143    0.8421    0.6386       171
          F4     0.8640    0.8971    0.8802       340

    accuracy                         0.8040      1265
   macro avg     0.7709    0.7236    0.7219      1265
weighted avg     0.8244    0.8040    0.7971      1265

2025-09-08 14:29:43,367 | INFO | Epoch 16/20
2025-09-08 14:29:56,734 | INFO | Train Loss: 0.2361 | Train Acc: 1.0000 | Val Loss: 0.6385 | Val Acc: 0.8103
2025-09-08 14:29:56,740 | INFO | Confusion Matrix:
[[423   0   0   0   0]
 [  8  87  15  45  17]
 [  0   7  73  57  22]
 [  0   7  15 137  12]
 [  1   7  12  15 305]]
2025-09-08 14:29:56,741 | INFO | Classification Report:
              precision    recall  f1-score   support

          F0     0.9792    1.0000    0.9895       423
          F1     0.8056    0.5058    0.6214       172
          F2     0.6348    0.4591    0.5328       159
          F3     0.5394    0.8012    0.6447       171
          F4     0.8567    0.8971    0.8764       340

    accuracy                         0.8103      1265
   macro avg     0.7631    0.7326    0.7330      1265
weighted avg     0.8199    0.8103    0.8051      1265

2025-09-08 14:29:56,842 | INFO | Epoch 17/20
2025-09-08 14:30:10,176 | INFO | Train Loss: 0.2363 | Train Acc: 1.0000 | Val Loss: 0.6973 | Val Acc: 0.8040
2025-09-08 14:30:10,182 | INFO | Confusion Matrix:
[[423   0   0   0   0]
 [  6  86   9  60  11]
 [  0   3  61  90   5]
 [  0   3  14 152   2]
 [  3   4   5  33 295]]
2025-09-08 14:30:10,183 | INFO | Classification Report:
              precision    recall  f1-score   support

          F0     0.9792    1.0000    0.9895       423
          F1     0.8958    0.5000    0.6418       172
          F2     0.6854    0.3836    0.4919       159
          F3     0.4537    0.8889    0.6008       171
          F4     0.9425    0.8676    0.9035       340

    accuracy                         0.8040      1265
   macro avg     0.7913    0.7280    0.7255      1265
weighted avg     0.8500    0.8040    0.8040      1265

2025-09-08 14:30:10,321 | INFO | Epoch 18/20
2025-09-08 14:30:23,826 | INFO | Train Loss: 0.2346 | Train Acc: 1.0000 | Val Loss: 0.6232 | Val Acc: 0.8150
2025-09-08 14:30:23,833 | INFO | Confusion Matrix:
[[422   0   0   0   1]
 [  6  90  19  44  13]
 [  0  10  81  55  13]
 [  0   5  26 133   7]
 [  1   7  17  10 305]]
2025-09-08 14:30:23,834 | INFO | Classification Report:
              precision    recall  f1-score   support

          F0     0.9837    0.9976    0.9906       423
          F1     0.8036    0.5233    0.6338       172
          F2     0.5664    0.5094    0.5364       159
          F3     0.5496    0.7778    0.6441       171
          F4     0.8997    0.8971    0.8984       340

    accuracy                         0.8150      1265
   macro avg     0.7606    0.7410    0.7407      1265
weighted avg     0.8255    0.8150    0.8134      1265

2025-09-08 14:30:23,938 | INFO | Epoch 19/20
2025-09-08 14:30:37,297 | INFO | Train Loss: 0.2341 | Train Acc: 1.0000 | Val Loss: 0.6204 | Val Acc: 0.8182
2025-09-08 14:30:37,303 | INFO | Confusion Matrix:
[[423   0   0   0   0]
 [  6  87  27  33  19]
 [  0   7 101  35  16]
 [  0   7  35 119  10]
 [  1   7  20   7 305]]
2025-09-08 14:30:37,304 | INFO | Classification Report:
              precision    recall  f1-score   support

          F0     0.9837    1.0000    0.9918       423
          F1     0.8056    0.5058    0.6214       172
          F2     0.5519    0.6352    0.5906       159
          F3     0.6134    0.6959    0.6521       171
          F4     0.8714    0.8971    0.8841       340

    accuracy                         0.8182      1265
   macro avg     0.7652    0.7468    0.7480      1265
weighted avg     0.8250    0.8182    0.8161      1265

2025-09-08 14:30:37,407 | INFO | Epoch 20/20
2025-09-08 14:30:50,956 | INFO | Train Loss: 0.2312 | Train Acc: 1.0000 | Val Loss: 0.6103 | Val Acc: 0.8206
2025-09-08 14:30:50,962 | INFO | Confusion Matrix:
[[423   0   0   0   0]
 [  5  89  31  30  17]
 [  0   7 104  33  15]
 [  0   9  41 116   5]
 [  1   6  22   5 306]]
2025-09-08 14:30:50,963 | INFO | Classification Report:
              precision    recall  f1-score   support

          F0     0.9860    1.0000    0.9930       423
          F1     0.8018    0.5174    0.6290       172
          F2     0.5253    0.6541    0.5826       159
          F3     0.6304    0.6784    0.6535       171
          F4     0.8921    0.9000    0.8960       340

    accuracy                         0.8206      1265
   macro avg     0.7671    0.7500    0.7508      1265
weighted avg     0.8298    0.8206    0.8200      1265

2025-09-08 14:30:51,063 | INFO | Best Val Acc for Fold 2: 0.8206
2025-09-08 14:30:51,063 | INFO | 
----- FOLD 3 -----
2025-09-08 14:30:51,285 | INFO | Epoch 1/20
2025-09-08 14:31:04,933 | INFO | Train Loss: 1.2269 | Train Acc: 0.4786 | Val Loss: 1.2107 | Val Acc: 0.4648
2025-09-08 14:31:04,939 | INFO | Confusion Matrix:
[[386   0   0   0  37]
 [ 28  27   0   0 117]
 [  0   6   0   0 153]
 [  0  21   0   0 150]
 [140  25   0   0 175]]
2025-09-08 14:31:04,940 | INFO | Classification Report:
              precision    recall  f1-score   support

          F0     0.6968    0.9125    0.7902       423
          F1     0.3418    0.1570    0.2151       172
          F2     0.0000    0.0000    0.0000       159
          F3     0.0000    0.0000    0.0000       171
          F4     0.2769    0.5147    0.3601       340

    accuracy                         0.4648      1265
   macro avg     0.2631    0.3168    0.2731      1265
weighted avg     0.3539    0.4648    0.3903      1265

2025-09-08 14:31:05,114 | INFO |  New FOLD 3 best: 0.4648  ->  checkpoints\resnet50_no_aug_kfold\fold_3\model_best.pth
2025-09-08 14:31:05,114 | INFO | Epoch 2/20
2025-09-08 14:31:18,397 | INFO | Train Loss: 1.0852 | Train Acc: 0.5158 | Val Loss: 1.0807 | Val Acc: 0.4996
2025-09-08 14:31:18,403 | INFO | Confusion Matrix:
[[416   0   0   0   7]
 [ 44   5   6  14 103]
 [  0   0  15   4 140]
 [  0   0  11  25 135]
 [155   0   4  10 171]]
2025-09-08 14:31:18,404 | INFO | Classification Report:
              precision    recall  f1-score   support

          F0     0.6764    0.9835    0.8015       423
          F1     1.0000    0.0291    0.0565       172
          F2     0.4167    0.0943    0.1538       159
          F3     0.4717    0.1462    0.2232       171
          F4     0.3076    0.5029    0.3817       340

    accuracy                         0.4996      1265
   macro avg     0.5745    0.3512    0.3234      1265
weighted avg     0.5610    0.4996    0.4278      1265

2025-09-08 14:31:18,604 | INFO |  New FOLD 3 best: 0.4996  ->  checkpoints\resnet50_no_aug_kfold\fold_3\model_best.pth
2025-09-08 14:31:18,605 | INFO | Epoch 3/20
2025-09-08 14:31:32,006 | INFO | Train Loss: 1.0181 | Train Acc: 0.5949 | Val Loss: 1.0434 | Val Acc: 0.5589
2025-09-08 14:31:32,015 | INFO | Confusion Matrix:
[[338   0   0   0  85]
 [ 14  13   0  24 121]
 [  0   0   0  20 139]
 [  0   2   0  54 115]
 [ 13   4   0  21 302]]
2025-09-08 14:31:32,015 | INFO | Classification Report:
              precision    recall  f1-score   support

          F0     0.9260    0.7991    0.8579       423
          F1     0.6842    0.0756    0.1361       172
          F2     0.0000    0.0000    0.0000       159
          F3     0.4538    0.3158    0.3724       171
          F4     0.3963    0.8882    0.5481       340

    accuracy                         0.5589      1265
   macro avg     0.4921    0.4157    0.3829      1265
weighted avg     0.5705    0.5589    0.5030      1265

2025-09-08 14:31:32,273 | INFO |  New FOLD 3 best: 0.5589  ->  checkpoints\resnet50_no_aug_kfold\fold_3\model_best.pth
2025-09-08 14:31:32,273 | INFO | Epoch 4/20
2025-09-08 14:31:45,680 | INFO | Train Loss: 0.9678 | Train Acc: 0.6464 | Val Loss: 1.2779 | Val Acc: 0.4300
2025-09-08 14:31:45,687 | INFO | Confusion Matrix:
[[317 106   0   0   0]
 [  2 169   0   1   0]
 [  0 156   1   2   0]
 [  0 153   3  15   0]
 [ 58 235   2   3  42]]
2025-09-08 14:31:45,688 | INFO | Classification Report:
              precision    recall  f1-score   support

          F0     0.8408    0.7494    0.7925       423
          F1     0.2063    0.9826    0.3411       172
          F2     0.1667    0.0063    0.0121       159
          F3     0.7143    0.0877    0.1562       171
          F4     1.0000    0.1235    0.2199       340

    accuracy                         0.4300      1265
   macro avg     0.5856    0.3899    0.3044      1265
weighted avg     0.6955    0.4300    0.3931      1265

2025-09-08 14:31:45,786 | INFO | Epoch 5/20
2025-09-08 14:31:59,240 | INFO | Train Loss: 0.9006 | Train Acc: 0.6828 | Val Loss: 1.3803 | Val Acc: 0.3621
2025-09-08 14:31:59,247 | INFO | Confusion Matrix:
[[ 63 141   0   0 219]
 [  1 146   0   1  24]
 [  0 151   0   3   5]
 [  0 146   0  22   3]
 [  2 110   0   1 227]]
2025-09-08 14:31:59,247 | INFO | Classification Report:
              precision    recall  f1-score   support

          F0     0.9545    0.1489    0.2577       423
          F1     0.2104    0.8488    0.3372       172
          F2     0.0000    0.0000    0.0000       159
          F3     0.8148    0.1287    0.2222       171
          F4     0.4749    0.6676    0.5550       340

    accuracy                         0.3621      1265
   macro avg     0.4909    0.3588    0.2744      1265
weighted avg     0.5856    0.3621    0.3112      1265

2025-09-08 14:31:59,661 | INFO | Epoch 6/20
2025-09-08 14:32:12,943 | INFO | Train Loss: 0.8047 | Train Acc: 0.7611 | Val Loss: 0.9383 | Val Acc: 0.6569
2025-09-08 14:32:12,950 | INFO | Confusion Matrix:
[[365  48   0   0  10]
 [  4 147   0  16   5]
 [  0  83  13  50  13]
 [  0  81   5  76   9]
 [  5  86   0  19 230]]
2025-09-08 14:32:12,950 | INFO | Classification Report:
              precision    recall  f1-score   support

          F0     0.9759    0.8629    0.9159       423
          F1     0.3303    0.8547    0.4765       172
          F2     0.7222    0.0818    0.1469       159
          F3     0.4720    0.4444    0.4578       171
          F4     0.8614    0.6765    0.7578       340

    accuracy                         0.6569      1265
   macro avg     0.6724    0.5840    0.5510      1265
weighted avg     0.7574    0.6569    0.6551      1265

2025-09-08 14:32:13,165 | INFO |  New FOLD 3 best: 0.6569  ->  checkpoints\resnet50_no_aug_kfold\fold_3\model_best.pth
2025-09-08 14:32:13,166 | INFO | Epoch 7/20
2025-09-08 14:32:26,638 | INFO | Train Loss: 0.6725 | Train Acc: 0.8441 | Val Loss: 0.8110 | Val Acc: 0.7368
2025-09-08 14:32:26,644 | INFO | Confusion Matrix:
[[423   0   0   0   0]
 [ 21  88  55   0   8]
 [  0   6 149   0   4]
 [  1  39 106  11  14]
 [ 28  14  37   0 261]]
2025-09-08 14:32:26,645 | INFO | Classification Report:
              precision    recall  f1-score   support

          F0     0.8943    1.0000    0.9442       423
          F1     0.5986    0.5116    0.5517       172
          F2     0.4294    0.9371    0.5889       159
          F3     1.0000    0.0643    0.1209       171
          F4     0.9094    0.7676    0.8325       340

    accuracy                         0.7368      1265
   macro avg     0.7663    0.6561    0.6077      1265
weighted avg     0.8140    0.7368    0.7049      1265

2025-09-08 14:32:26,843 | INFO |  New FOLD 3 best: 0.7368  ->  checkpoints\resnet50_no_aug_kfold\fold_3\model_best.pth
2025-09-08 14:32:26,844 | INFO | Epoch 8/20
2025-09-08 14:32:40,141 | INFO | Train Loss: 0.5169 | Train Acc: 0.9051 | Val Loss: 0.8198 | Val Acc: 0.7154
2025-09-08 14:32:40,147 | INFO | Confusion Matrix:
[[410  13   0   0   0]
 [  2 117   1  50   2]
 [  0  26  21 102  10]
 [  0   9   2 153   7]
 [ 12  75   2  47 204]]
2025-09-08 14:32:40,148 | INFO | Classification Report:
              precision    recall  f1-score   support

          F0     0.9670    0.9693    0.9681       423
          F1     0.4875    0.6802    0.5680       172
          F2     0.8077    0.1321    0.2270       159
          F3     0.4347    0.8947    0.5851       171
          F4     0.9148    0.6000    0.7247       340

    accuracy                         0.7154      1265
   macro avg     0.7223    0.6553    0.6146      1265
weighted avg     0.7958    0.7154    0.7034      1265

2025-09-08 14:32:40,249 | INFO | Epoch 9/20
2025-09-08 14:32:53,578 | INFO | Train Loss: 0.3718 | Train Acc: 0.9778 | Val Loss: 0.7691 | Val Acc: 0.7731
2025-09-08 14:32:53,584 | INFO | Confusion Matrix:
[[390  27   0   0   6]
 [  0 114   2  56   0]
 [  0   7  52 100   0]
 [  0   3   6 160   2]
 [  2  28   7  41 262]]
2025-09-08 14:32:53,585 | INFO | Classification Report:
              precision    recall  f1-score   support

          F0     0.9949    0.9220    0.9571       423
          F1     0.6369    0.6628    0.6496       172
          F2     0.7761    0.3270    0.4602       159
          F3     0.4482    0.9357    0.6061       171
          F4     0.9704    0.7706    0.8590       340

    accuracy                         0.7731      1265
   macro avg     0.7653    0.7236    0.7064      1265
weighted avg     0.8382    0.7731    0.7790      1265

2025-09-08 14:32:53,802 | INFO |  New FOLD 3 best: 0.7731  ->  checkpoints\resnet50_no_aug_kfold\fold_3\model_best.pth
2025-09-08 14:32:53,803 | INFO | Epoch 10/20
2025-09-08 14:33:07,201 | INFO | Train Loss: 0.2993 | Train Acc: 0.9968 | Val Loss: 0.6044 | Val Acc: 0.8269
2025-09-08 14:33:07,208 | INFO | Confusion Matrix:
[[419   0   0   0   4]
 [  5 116  15  27   9]
 [  0  13  78  54  14]
 [  0   7  17 127  20]
 [  6   5  12  11 306]]
2025-09-08 14:33:07,208 | INFO | Classification Report:
              precision    recall  f1-score   support

          F0     0.9744    0.9905    0.9824       423
          F1     0.8227    0.6744    0.7412       172
          F2     0.6393    0.4906    0.5552       159
          F3     0.5799    0.7427    0.6513       171
          F4     0.8669    0.9000    0.8831       340

    accuracy                         0.8269      1265
   macro avg     0.7766    0.7596    0.7626      1265
weighted avg     0.8294    0.8269    0.8245      1265

2025-09-08 14:33:07,410 | INFO |  New FOLD 3 best: 0.8269  ->  checkpoints\resnet50_no_aug_kfold\fold_3\model_best.pth
2025-09-08 14:33:07,411 | INFO | Epoch 11/20
2025-09-08 14:33:20,841 | INFO | Train Loss: 0.2607 | Train Acc: 1.0000 | Val Loss: 0.6066 | Val Acc: 0.8379
2025-09-08 14:33:20,846 | INFO | Confusion Matrix:
[[419   0   0   0   4]
 [  2 141  13   8   8]
 [  0  39  96  24   0]
 [  0  34  22 113   2]
 [  5  15  21   8 291]]
2025-09-08 14:33:20,846 | INFO | Classification Report:
              precision    recall  f1-score   support

          F0     0.9836    0.9905    0.9870       423
          F1     0.6157    0.8198    0.7032       172
          F2     0.6316    0.6038    0.6174       159
          F3     0.7386    0.6608    0.6975       171
          F4     0.9541    0.8559    0.9023       340

    accuracy                         0.8379      1265
   macro avg     0.7847    0.7862    0.7815      1265
weighted avg     0.8483    0.8379    0.8401      1265

2025-09-08 14:33:21,052 | INFO |  New FOLD 3 best: 0.8379  ->  checkpoints\resnet50_no_aug_kfold\fold_3\model_best.pth
2025-09-08 14:33:21,052 | INFO | Epoch 12/20
2025-09-08 14:33:34,359 | INFO | Train Loss: 0.2459 | Train Acc: 1.0000 | Val Loss: 0.5753 | Val Acc: 0.8348
2025-09-08 14:33:34,364 | INFO | Confusion Matrix:
[[419   0   0   0   4]
 [  6 113  15  21  17]
 [  0   9  97  37  16]
 [  0   9  23 120  19]
 [  7   2  15   9 307]]
2025-09-08 14:33:34,365 | INFO | Classification Report:
              precision    recall  f1-score   support

          F0     0.9699    0.9905    0.9801       423
          F1     0.8496    0.6570    0.7410       172
          F2     0.6467    0.6101    0.6278       159
          F3     0.6417    0.7018    0.6704       171
          F4     0.8457    0.9029    0.8734       340

    accuracy                         0.8348      1265
   macro avg     0.7907    0.7725    0.7785      1265
weighted avg     0.8352    0.8348    0.8328      1265

2025-09-08 14:33:34,462 | INFO | Epoch 13/20
2025-09-08 14:33:47,790 | INFO | Train Loss: 0.2430 | Train Acc: 1.0000 | Val Loss: 0.5686 | Val Acc: 0.8451
2025-09-08 14:33:47,795 | INFO | Confusion Matrix:
[[417   0   0   0   6]
 [  2 114  20  18  18]
 [  0  13 110  27   9]
 [  0  11  24 121  15]
 [  3   3  19   8 307]]
2025-09-08 14:33:47,795 | INFO | Classification Report:
              precision    recall  f1-score   support

          F0     0.9882    0.9858    0.9870       423
          F1     0.8085    0.6628    0.7284       172
          F2     0.6358    0.6918    0.6627       159
          F3     0.6954    0.7076    0.7014       171
          F4     0.8648    0.9029    0.8835       340

    accuracy                         0.8451      1265
   macro avg     0.7985    0.7902    0.7926      1265
weighted avg     0.8467    0.8451    0.8446      1265

2025-09-08 14:33:47,995 | INFO |  New FOLD 3 best: 0.8451  ->  checkpoints\resnet50_no_aug_kfold\fold_3\model_best.pth
2025-09-08 14:33:48,092 | INFO |  New GLOBAL best (fold 3, epoch 13): 0.8451 -> best_model.pth
2025-09-08 14:33:48,092 | INFO | Epoch 14/20
2025-09-08 14:34:01,434 | INFO | Train Loss: 0.2375 | Train Acc: 1.0000 | Val Loss: 0.5693 | Val Acc: 0.8451
2025-09-08 14:34:01,440 | INFO | Confusion Matrix:
[[422   0   0   0   1]
 [  3 127  23  15   4]
 [  0  23 105  28   3]
 [  0  16  34 114   7]
 [  6   7  21   5 301]]
2025-09-08 14:34:01,440 | INFO | Classification Report:
              precision    recall  f1-score   support

          F0     0.9791    0.9976    0.9883       423
          F1     0.7341    0.7384    0.7362       172
          F2     0.5738    0.6604    0.6140       159
          F3     0.7037    0.6667    0.6847       171
          F4     0.9525    0.8853    0.9177       340

    accuracy                         0.8451      1265
   macro avg     0.7886    0.7897    0.7882      1265
weighted avg     0.8505    0.8451    0.8470      1265

2025-09-08 14:34:01,532 | INFO | Epoch 15/20
2025-09-08 14:34:14,934 | INFO | Train Loss: 0.2366 | Train Acc: 1.0000 | Val Loss: 0.5669 | Val Acc: 0.8340
2025-09-08 14:34:14,940 | INFO | Confusion Matrix:
[[422   0   0   0   1]
 [  3 113  18  26  12]
 [  0  18  86  48   7]
 [  1   5  21 130  14]
 [  5   4  11  16 304]]
2025-09-08 14:34:14,940 | INFO | Classification Report:
              precision    recall  f1-score   support

          F0     0.9791    0.9976    0.9883       423
          F1     0.8071    0.6570    0.7244       172
          F2     0.6324    0.5409    0.5831       159
          F3     0.5909    0.7602    0.6650       171
          F4     0.8994    0.8941    0.8968       340

    accuracy                         0.8340      1265
   macro avg     0.7818    0.7700    0.7715      1265
weighted avg     0.8382    0.8340    0.8332      1265

2025-09-08 14:34:15,035 | INFO | Epoch 16/20
2025-09-08 14:34:28,360 | INFO | Train Loss: 0.2343 | Train Acc: 1.0000 | Val Loss: 0.5846 | Val Acc: 0.8348
2025-09-08 14:34:28,367 | INFO | Confusion Matrix:
[[419   0   0   0   4]
 [  5 130  20   3  14]
 [  0  30 107   8  14]
 [  0  19  38  92  22]
 [  4   4  23   1 308]]
2025-09-08 14:34:28,367 | INFO | Classification Report:
              precision    recall  f1-score   support

          F0     0.9790    0.9905    0.9847       423
          F1     0.7104    0.7558    0.7324       172
          F2     0.5691    0.6730    0.6167       159
          F3     0.8846    0.5380    0.6691       171
          F4     0.8508    0.9059    0.8775       340

    accuracy                         0.8348      1265
   macro avg     0.7988    0.7726    0.7761      1265
weighted avg     0.8437    0.8348    0.8327      1265

2025-09-08 14:34:28,463 | INFO | Epoch 17/20
2025-09-08 14:34:41,783 | INFO | Train Loss: 0.2325 | Train Acc: 1.0000 | Val Loss: 0.5706 | Val Acc: 0.8427
2025-09-08 14:34:41,790 | INFO | Confusion Matrix:
[[419   0   0   0   4]
 [  2 116  26  12  16]
 [  0   9 125  12  13]
 [  0   5  51  97  18]
 [  3   1  24   3 309]]
2025-09-08 14:34:41,791 | INFO | Classification Report:
              precision    recall  f1-score   support

          F0     0.9882    0.9905    0.9894       423
          F1     0.8855    0.6744    0.7657       172
          F2     0.5531    0.7862    0.6494       159
          F3     0.7823    0.5673    0.6576       171
          F4     0.8583    0.9088    0.8829       340

    accuracy                         0.8427      1265
   macro avg     0.8135    0.7854    0.7890      1265
weighted avg     0.8568    0.8427    0.8427      1265

2025-09-08 14:34:41,889 | INFO | Epoch 18/20
2025-09-08 14:34:55,234 | INFO | Train Loss: 0.2329 | Train Acc: 1.0000 | Val Loss: 0.6020 | Val Acc: 0.8356
2025-09-08 14:34:55,239 | INFO | Confusion Matrix:
[[419   0   0   0   4]
 [  3 119  38   5   7]
 [  0   9 145   2   3]
 [  0  10  73  77  11]
 [  6   5  31   1 297]]
2025-09-08 14:34:55,239 | INFO | Classification Report:
              precision    recall  f1-score   support

          F0     0.9790    0.9905    0.9847       423
          F1     0.8322    0.6919    0.7556       172
          F2     0.5052    0.9119    0.6502       159
          F3     0.9059    0.4503    0.6016       171
          F4     0.9224    0.8735    0.8973       340

    accuracy                         0.8356      1265
   macro avg     0.8289    0.7836    0.7779      1265
weighted avg     0.8744    0.8356    0.8362      1265

2025-09-08 14:34:55,338 | INFO | Epoch 19/20
2025-09-08 14:35:08,585 | INFO | Train Loss: 0.2329 | Train Acc: 1.0000 | Val Loss: 0.5950 | Val Acc: 0.8395
2025-09-08 14:35:08,591 | INFO | Confusion Matrix:
[[419   0   0   0   4]
 [  2 115  33   5  17]
 [  0   4 134   5  16]
 [  0   4  62  86  19]
 [  3   2  26   1 308]]
2025-09-08 14:35:08,591 | INFO | Classification Report:
              precision    recall  f1-score   support

          F0     0.9882    0.9905    0.9894       423
          F1     0.9200    0.6686    0.7744       172
          F2     0.5255    0.8428    0.6473       159
          F3     0.8866    0.5029    0.6418       171
          F4     0.8462    0.9059    0.8750       340

    accuracy                         0.8395      1265
   macro avg     0.8333    0.7821    0.7856      1265
weighted avg     0.8689    0.8395    0.8394      1265

2025-09-08 14:35:08,688 | INFO | Epoch 20/20
2025-09-08 14:35:22,106 | INFO | Train Loss: 0.2331 | Train Acc: 1.0000 | Val Loss: 0.5632 | Val Acc: 0.8387
2025-09-08 14:35:22,111 | INFO | Confusion Matrix:
[[422   0   0   0   1]
 [  5 107  22  27  11]
 [  0   6 109  40   4]
 [  0   2  40 120   9]
 [  5   2  20  10 303]]
2025-09-08 14:35:22,112 | INFO | Classification Report:
              precision    recall  f1-score   support

          F0     0.9769    0.9976    0.9871       423
          F1     0.9145    0.6221    0.7405       172
          F2     0.5707    0.6855    0.6229       159
          F3     0.6091    0.7018    0.6522       171
          F4     0.9238    0.8912    0.9072       340

    accuracy                         0.8387      1265
   macro avg     0.7990    0.7796    0.7820      1265
weighted avg     0.8534    0.8387    0.8410      1265

2025-09-08 14:35:22,206 | INFO | Best Val Acc for Fold 3: 0.8451
2025-09-08 14:35:22,207 | INFO | 
----- FOLD 4 -----
2025-09-08 14:35:22,422 | INFO | Epoch 1/20
2025-09-08 14:35:35,818 | INFO | Train Loss: 1.2258 | Train Acc: 0.4620 | Val Loss: 1.2156 | Val Acc: 0.4968
2025-09-08 14:35:35,824 | INFO | Confusion Matrix:
[[396   0   0   0  27]
 [ 34  21   0   0 117]
 [  0  25   0   0 133]
 [  0  29   0   0 143]
 [103  25   0   0 211]]
2025-09-08 14:35:35,824 | INFO | Classification Report:
              precision    recall  f1-score   support

          F0     0.7430    0.9362    0.8285       423
          F1     0.2100    0.1221    0.1544       172
          F2     0.0000    0.0000    0.0000       158
          F3     0.0000    0.0000    0.0000       172
          F4     0.3344    0.6224    0.4351       339

    accuracy                         0.4968      1264
   macro avg     0.2575    0.3361    0.2836      1264
weighted avg     0.3669    0.4968    0.4149      1264

2025-09-08 14:35:36,004 | INFO |  New FOLD 4 best: 0.4968  ->  checkpoints\resnet50_no_aug_kfold\fold_4\model_best.pth
2025-09-08 14:35:36,005 | INFO | Epoch 2/20
2025-09-08 14:35:49,271 | INFO | Train Loss: 1.0799 | Train Acc: 0.5554 | Val Loss: 1.0986 | Val Acc: 0.5364
2025-09-08 14:35:49,278 | INFO | Confusion Matrix:
[[422   0   0   0   1]
 [ 56  10   0  68  38]
 [  0   7   0 112  39]
 [  0  11   0 133  28]
 [148  14   0  64 113]]
2025-09-08 14:35:49,278 | INFO | Classification Report:
              precision    recall  f1-score   support

          F0     0.6741    0.9976    0.8046       423
          F1     0.2381    0.0581    0.0935       172
          F2     0.0000    0.0000    0.0000       158
          F3     0.3528    0.7733    0.4845       172
          F4     0.5160    0.3333    0.4050       339

    accuracy                         0.5364      1264
   macro avg     0.3562    0.4325    0.3575      1264
weighted avg     0.4444    0.5364    0.4565      1264

2025-09-08 14:35:49,476 | INFO |  New FOLD 4 best: 0.5364  ->  checkpoints\resnet50_no_aug_kfold\fold_4\model_best.pth
2025-09-08 14:35:49,476 | INFO | Epoch 3/20
2025-09-08 14:36:02,840 | INFO | Train Loss: 1.0064 | Train Acc: 0.6076 | Val Loss: 1.0438 | Val Acc: 0.6139
2025-09-08 14:36:02,847 | INFO | Confusion Matrix:
[[364   1   0   0  58]
 [ 19  34   5  56  58]
 [  0  17  36  80  25]
 [  0  22  11 109  30]
 [ 16  29  26  35 233]]
2025-09-08 14:36:02,847 | INFO | Classification Report:
              precision    recall  f1-score   support

          F0     0.9123    0.8605    0.8856       423
          F1     0.3301    0.1977    0.2473       172
          F2     0.4615    0.2278    0.3051       158
          F3     0.3893    0.6337    0.4823       172
          F4     0.5767    0.6873    0.6272       339

    accuracy                         0.6139      1264
   macro avg     0.5340    0.5214    0.5095      1264
weighted avg     0.6156    0.6139    0.6020      1264

2025-09-08 14:36:03,046 | INFO |  New FOLD 4 best: 0.6139  ->  checkpoints\resnet50_no_aug_kfold\fold_4\model_best.pth
2025-09-08 14:36:03,047 | INFO | Epoch 4/20
2025-09-08 14:36:16,414 | INFO | Train Loss: 0.9680 | Train Acc: 0.6503 | Val Loss: 1.0331 | Val Acc: 0.5807
2025-09-08 14:36:16,422 | INFO | Confusion Matrix:
[[377   2   0   0  44]
 [ 19  98   0   0  55]
 [  0  72  15   0  71]
 [  0 111   6   0  55]
 [ 25  69   1   0 244]]
2025-09-08 14:36:16,422 | INFO | Classification Report:
              precision    recall  f1-score   support

          F0     0.8955    0.8913    0.8934       423
          F1     0.2784    0.5698    0.3740       172
          F2     0.6818    0.0949    0.1667       158
          F3     0.0000    0.0000    0.0000       172
          F4     0.5203    0.7198    0.6040       339

    accuracy                         0.5807      1264
   macro avg     0.4752    0.4551    0.4076      1264
weighted avg     0.5623    0.5807    0.5327      1264

2025-09-08 14:36:16,517 | INFO | Epoch 5/20
2025-09-08 14:36:29,873 | INFO | Train Loss: 0.8876 | Train Acc: 0.7057 | Val Loss: 1.0273 | Val Acc: 0.5672
2025-09-08 14:36:29,879 | INFO | Confusion Matrix:
[[422   1   0   0   0]
 [ 42 120   6   1   3]
 [  0  75  80   2   1]
 [  0 118  47   5   2]
 [ 85 111  53   0  90]]
2025-09-08 14:36:29,879 | INFO | Classification Report:
              precision    recall  f1-score   support

          F0     0.7687    0.9976    0.8683       423
          F1     0.2824    0.6977    0.4020       172
          F2     0.4301    0.5063    0.4651       158
          F3     0.6250    0.0291    0.0556       172
          F4     0.9375    0.2655    0.4138       339

    accuracy                         0.5672      1264
   macro avg     0.6087    0.4992    0.4410      1264
weighted avg     0.6859    0.5672    0.5220      1264

2025-09-08 14:36:29,980 | INFO | Epoch 6/20
2025-09-08 14:36:43,221 | INFO | Train Loss: 0.8009 | Train Acc: 0.7508 | Val Loss: 0.9089 | Val Acc: 0.6741
2025-09-08 14:36:43,227 | INFO | Confusion Matrix:
[[420   0   0   0   3]
 [ 26  83  14   2  47]
 [  0  33  73   0  52]
 [  0  75  52   4  41]
 [ 18  42   7   0 272]]
2025-09-08 14:36:43,227 | INFO | Classification Report:
              precision    recall  f1-score   support

          F0     0.9052    0.9929    0.9470       423
          F1     0.3562    0.4826    0.4099       172
          F2     0.5000    0.4620    0.4803       158
          F3     0.6667    0.0233    0.0449       172
          F4     0.6554    0.8024    0.7215       339

    accuracy                         0.6741      1264
   macro avg     0.6167    0.5526    0.5207      1264
weighted avg     0.6804    0.6741    0.6323      1264

2025-09-08 14:36:43,426 | INFO |  New FOLD 4 best: 0.6741  ->  checkpoints\resnet50_no_aug_kfold\fold_4\model_best.pth
2025-09-08 14:36:43,427 | INFO | Epoch 7/20
2025-09-08 14:36:56,850 | INFO | Train Loss: 0.6691 | Train Acc: 0.8212 | Val Loss: 0.8427 | Val Acc: 0.6835
2025-09-08 14:36:56,856 | INFO | Confusion Matrix:
[[414   4   0   0   5]
 [  5 153   0   1  13]
 [  0 117  37   0   4]
 [  0 143  10  13   6]
 [  9  76   7   0 247]]
2025-09-08 14:36:56,856 | INFO | Classification Report:
              precision    recall  f1-score   support

          F0     0.9673    0.9787    0.9730       423
          F1     0.3103    0.8895    0.4602       172
          F2     0.6852    0.2342    0.3491       158
          F3     0.9286    0.0756    0.1398       172
          F4     0.8982    0.7286    0.8046       339

    accuracy                         0.6835      1264
   macro avg     0.7579    0.5813    0.5453      1264
weighted avg     0.8188    0.6835    0.6667      1264

2025-09-08 14:36:57,055 | INFO |  New FOLD 4 best: 0.6835  ->  checkpoints\resnet50_no_aug_kfold\fold_4\model_best.pth
2025-09-08 14:36:57,055 | INFO | Epoch 8/20
2025-09-08 14:37:10,318 | INFO | Train Loss: 0.5142 | Train Acc: 0.9153 | Val Loss: 0.7916 | Val Acc: 0.7247
2025-09-08 14:37:10,324 | INFO | Confusion Matrix:
[[419   4   0   0   0]
 [  4 162   0   2   4]
 [  0 114  40   1   3]
 [  0 123   6  39   4]
 [  6  76   1   0 256]]
2025-09-08 14:37:10,325 | INFO | Classification Report:
              precision    recall  f1-score   support

          F0     0.9767    0.9905    0.9836       423
          F1     0.3382    0.9419    0.4977       172
          F2     0.8511    0.2532    0.3902       158
          F3     0.9286    0.2267    0.3645       172
          F4     0.9588    0.7552    0.8449       339

    accuracy                         0.7247      1264
   macro avg     0.8107    0.6335    0.6162      1264
weighted avg     0.8628    0.7247    0.7219      1264

2025-09-08 14:37:10,515 | INFO |  New FOLD 4 best: 0.7247  ->  checkpoints\resnet50_no_aug_kfold\fold_4\model_best.pth
2025-09-08 14:37:10,517 | INFO | Epoch 9/20
2025-09-08 14:37:23,959 | INFO | Train Loss: 0.3602 | Train Acc: 0.9818 | Val Loss: 0.6220 | Val Acc: 0.8252
2025-09-08 14:37:23,965 | INFO | Confusion Matrix:
[[420   0   0   0   3]
 [  4  92  13  37  26]
 [  0   0  80  65  13]
 [  0   1   8 156   7]
 [  2   6  11  25 295]]
2025-09-08 14:37:23,966 | INFO | Classification Report:
              precision    recall  f1-score   support

          F0     0.9859    0.9929    0.9894       423
          F1     0.9293    0.5349    0.6790       172
          F2     0.7143    0.5063    0.5926       158
          F3     0.5512    0.9070    0.6857       172
          F4     0.8576    0.8702    0.8638       339

    accuracy                         0.8252      1264
   macro avg     0.8077    0.7623    0.7621      1264
weighted avg     0.8507    0.8252    0.8226      1264

2025-09-08 14:37:24,158 | INFO |  New FOLD 4 best: 0.8252  ->  checkpoints\resnet50_no_aug_kfold\fold_4\model_best.pth
2025-09-08 14:37:24,158 | INFO | Epoch 10/20
2025-09-08 14:37:37,454 | INFO | Train Loss: 0.2922 | Train Acc: 0.9992 | Val Loss: 0.6609 | Val Acc: 0.8220
2025-09-08 14:37:37,460 | INFO | Confusion Matrix:
[[422   0   0   0   1]
 [  4 104  41  10  13]
 [  0   4 149   1   4]
 [  0  11  83  71   7]
 [  2  14  26   4 293]]
2025-09-08 14:37:37,461 | INFO | Classification Report:
              precision    recall  f1-score   support

          F0     0.9860    0.9976    0.9918       423
          F1     0.7820    0.6047    0.6820       172
          F2     0.4983    0.9430    0.6521       158
          F3     0.8256    0.4128    0.5504       172
          F4     0.9214    0.8643    0.8919       339

    accuracy                         0.8220      1264
   macro avg     0.8026    0.7645    0.7536      1264
weighted avg     0.8581    0.8220    0.8203      1264

2025-09-08 14:37:37,556 | INFO | Epoch 11/20
2025-09-08 14:37:50,829 | INFO | Train Loss: 0.2548 | Train Acc: 0.9992 | Val Loss: 0.5830 | Val Acc: 0.8394
2025-09-08 14:37:50,835 | INFO | Confusion Matrix:
[[416   0   0   0   7]
 [  2  94  34  23  19]
 [  0   2 133  17   6]
 [  0   0  48 116   8]
 [  2   1  22  12 302]]
2025-09-08 14:37:50,835 | INFO | Classification Report:
              precision    recall  f1-score   support

          F0     0.9905    0.9835    0.9870       423
          F1     0.9691    0.5465    0.6989       172
          F2     0.5612    0.8418    0.6734       158
          F3     0.6905    0.6744    0.6824       172
          F4     0.8830    0.8909    0.8869       339

    accuracy                         0.8394      1264
   macro avg     0.8188    0.7874    0.7857      1264
weighted avg     0.8643    0.8394    0.8403      1264

2025-09-08 14:37:51,025 | INFO |  New FOLD 4 best: 0.8394  ->  checkpoints\resnet50_no_aug_kfold\fold_4\model_best.pth
2025-09-08 14:37:51,025 | INFO | Epoch 12/20
2025-09-08 14:38:04,329 | INFO | Train Loss: 0.2510 | Train Acc: 0.9992 | Val Loss: 0.5710 | Val Acc: 0.8252
2025-09-08 14:38:04,335 | INFO | Confusion Matrix:
[[422   0   0   0   1]
 [  3 113  20  14  22]
 [  0  15 101  18  24]
 [  0  19  29 104  20]
 [  6   9  10  11 303]]
2025-09-08 14:38:04,336 | INFO | Classification Report:
              precision    recall  f1-score   support

          F0     0.9791    0.9976    0.9883       423
          F1     0.7244    0.6570    0.6890       172
          F2     0.6312    0.6392    0.6352       158
          F3     0.7075    0.6047    0.6520       172
          F4     0.8189    0.8938    0.8547       339

    accuracy                         0.8252      1264
   macro avg     0.7722    0.7585    0.7639      1264
weighted avg     0.8210    0.8252    0.8219      1264

2025-09-08 14:38:04,431 | INFO | Epoch 13/20
2025-09-08 14:38:17,931 | INFO | Train Loss: 0.2409 | Train Acc: 1.0000 | Val Loss: 0.5717 | Val Acc: 0.8196
2025-09-08 14:38:17,937 | INFO | Confusion Matrix:
[[413   1   0   0   9]
 [  2 126  16  14  14]
 [  0  36  93  15  14]
 [  0  34  22 103  13]
 [  2  18   9   9 301]]
2025-09-08 14:38:17,937 | INFO | Classification Report:
              precision    recall  f1-score   support

          F0     0.9904    0.9764    0.9833       423
          F1     0.5860    0.7326    0.6512       172
          F2     0.6643    0.5886    0.6242       158
          F3     0.7305    0.5988    0.6581       172
          F4     0.8575    0.8879    0.8725       339

    accuracy                         0.8196      1264
   macro avg     0.7658    0.7569    0.7579      1264
weighted avg     0.8236    0.8196    0.8193      1264

2025-09-08 14:38:18,032 | INFO | Epoch 14/20
2025-09-08 14:38:31,334 | INFO | Train Loss: 0.2374 | Train Acc: 1.0000 | Val Loss: 0.6044 | Val Acc: 0.8236
2025-09-08 14:38:31,341 | INFO | Confusion Matrix:
[[422   0   0   0   1]
 [  9  84  40  15  24]
 [  0   2 139  10   7]
 [  0   3  59 101   9]
 [  7   1  25  11 295]]
2025-09-08 14:38:31,341 | INFO | Classification Report:
              precision    recall  f1-score   support

          F0     0.9635    0.9976    0.9803       423
          F1     0.9333    0.4884    0.6412       172
          F2     0.5285    0.8797    0.6603       158
          F3     0.7372    0.5872    0.6537       172
          F4     0.8780    0.8702    0.8741       339

    accuracy                         0.8236      1264
   macro avg     0.8081    0.7646    0.7619      1264
weighted avg     0.8513    0.8236    0.8212      1264

2025-09-08 14:38:31,435 | INFO | Epoch 15/20
2025-09-08 14:38:44,753 | INFO | Train Loss: 0.2362 | Train Acc: 1.0000 | Val Loss: 0.5642 | Val Acc: 0.8362
2025-09-08 14:38:44,759 | INFO | Confusion Matrix:
[[422   0   0   0   1]
 [  2 117  31  12  10]
 [  0  17 126   9   6]
 [  0  16  46  99  11]
 [  2  11  22  11 293]]
2025-09-08 14:38:44,759 | INFO | Classification Report:
              precision    recall  f1-score   support

          F0     0.9906    0.9976    0.9941       423
          F1     0.7267    0.6802    0.7027       172
          F2     0.5600    0.7975    0.6580       158
          F3     0.7557    0.5756    0.6535       172
          F4     0.9128    0.8643    0.8879       339

    accuracy                         0.8362      1264
   macro avg     0.7892    0.7830    0.7792      1264
weighted avg     0.8480    0.8362    0.8376      1264

2025-09-08 14:38:44,857 | INFO | Epoch 16/20
2025-09-08 14:38:58,106 | INFO | Train Loss: 0.2342 | Train Acc: 1.0000 | Val Loss: 0.5832 | Val Acc: 0.8386
2025-09-08 14:38:58,113 | INFO | Confusion Matrix:
[[422   0   0   0   1]
 [  4  96  31  31  10]
 [  0   0 122  31   5]
 [  0   1  37 129   5]
 [  6   5  18  19 291]]
2025-09-08 14:38:58,113 | INFO | Classification Report:
              precision    recall  f1-score   support

          F0     0.9769    0.9976    0.9871       423
          F1     0.9412    0.5581    0.7007       172
          F2     0.5865    0.7722    0.6667       158
          F3     0.6143    0.7500    0.6754       172
          F4     0.9327    0.8584    0.8940       339

    accuracy                         0.8386      1264
   macro avg     0.8103    0.7873    0.7848      1264
weighted avg     0.8620    0.8386    0.8407      1264

2025-09-08 14:38:58,208 | INFO | Epoch 17/20
2025-09-08 14:39:11,573 | INFO | Train Loss: 0.2343 | Train Acc: 1.0000 | Val Loss: 0.5834 | Val Acc: 0.8267
2025-09-08 14:39:11,579 | INFO | Confusion Matrix:
[[423   0   0   0   0]
 [  8  95  27  24  18]
 [  2   9 116  17  14]
 [  1   6  36 113  16]
 [  8   4  13  16 298]]
2025-09-08 14:39:11,580 | INFO | Classification Report:
              precision    recall  f1-score   support

          F0     0.9570    1.0000    0.9780       423
          F1     0.8333    0.5523    0.6643       172
          F2     0.6042    0.7342    0.6629       158
          F3     0.6647    0.6570    0.6608       172
          F4     0.8613    0.8791    0.8701       339

    accuracy                         0.8267      1264
   macro avg     0.7841    0.7645    0.7672      1264
weighted avg     0.8306    0.8267    0.8238      1264

2025-09-08 14:39:11,669 | INFO | Epoch 18/20
2025-09-08 14:39:24,976 | INFO | Train Loss: 0.2343 | Train Acc: 1.0000 | Val Loss: 0.5655 | Val Acc: 0.8299
2025-09-08 14:39:24,983 | INFO | Confusion Matrix:
[[417   0   0   0   6]
 [  4 109  19  19  21]
 [  0  19  97  22  20]
 [  0  22  16 121  13]
 [  2   7   9  16 305]]
2025-09-08 14:39:24,983 | INFO | Classification Report:
              precision    recall  f1-score   support

          F0     0.9858    0.9858    0.9858       423
          F1     0.6943    0.6337    0.6626       172
          F2     0.6879    0.6139    0.6488       158
          F3     0.6798    0.7035    0.6914       172
          F4     0.8356    0.8997    0.8665       339

    accuracy                         0.8299      1264
   macro avg     0.7767    0.7673    0.7710      1264
weighted avg     0.8270    0.8299    0.8276      1264

2025-09-08 14:39:25,115 | INFO | Epoch 19/20
2025-09-08 14:39:38,452 | INFO | Train Loss: 0.2314 | Train Acc: 1.0000 | Val Loss: 0.5603 | Val Acc: 0.8402
2025-09-08 14:39:38,458 | INFO | Confusion Matrix:
[[419   0   0   0   4]
 [  4 111  29  16  12]
 [  0  12 122  15   9]
 [  0  16  33 112  11]
 [  2   8  16  15 298]]
2025-09-08 14:39:38,459 | INFO | Classification Report:
              precision    recall  f1-score   support

          F0     0.9859    0.9905    0.9882       423
          F1     0.7551    0.6453    0.6959       172
          F2     0.6100    0.7722    0.6816       158
          F3     0.7089    0.6512    0.6788       172
          F4     0.8922    0.8791    0.8856       339

    accuracy                         0.8402      1264
   macro avg     0.7904    0.7877    0.7860      1264
weighted avg     0.8447    0.8402    0.8405      1264

2025-09-08 14:39:38,642 | INFO |  New FOLD 4 best: 0.8402  ->  checkpoints\resnet50_no_aug_kfold\fold_4\model_best.pth
2025-09-08 14:39:38,642 | INFO | Epoch 20/20
2025-09-08 14:39:51,965 | INFO | Train Loss: 0.2326 | Train Acc: 1.0000 | Val Loss: 0.5630 | Val Acc: 0.8378
2025-09-08 14:39:51,970 | INFO | Confusion Matrix:
[[419   0   0   0   4]
 [  2 111  29  16  14]
 [  0  10 120  15  13]
 [  0  11  41 109  11]
 [  2   8  15  14 300]]
2025-09-08 14:39:51,971 | INFO | Classification Report:
              precision    recall  f1-score   support

          F0     0.9905    0.9905    0.9905       423
          F1     0.7929    0.6453    0.7115       172
          F2     0.5854    0.7595    0.6612       158
          F3     0.7078    0.6337    0.6687       172
          F4     0.8772    0.8850    0.8811       339

    accuracy                         0.8378      1264
   macro avg     0.7908    0.7828    0.7826      1264
weighted avg     0.8441    0.8378    0.8382      1264

2025-09-08 14:39:52,069 | INFO | Best Val Acc for Fold 4: 0.8402
2025-09-08 14:39:52,069 | INFO | 
----- FOLD 5 -----
2025-09-08 14:39:52,283 | INFO | Epoch 1/20
2025-09-08 14:40:05,554 | INFO | Train Loss: 1.2174 | Train Acc: 0.4707 | Val Loss: 1.1504 | Val Acc: 0.4826
2025-09-08 14:40:05,560 | INFO | Confusion Matrix:
[[405   0   0   0  17]
 [ 37   0   0   2 134]
 [  0   0   0   4 154]
 [  0   0   0   2 170]
 [136   0   0   0 203]]
2025-09-08 14:40:05,561 | INFO | Classification Report:
              precision    recall  f1-score   support

          F0     0.7007    0.9597    0.8100       422
          F1     0.0000    0.0000    0.0000       173
          F2     0.0000    0.0000    0.0000       158
          F3     0.2500    0.0116    0.0222       172
          F4     0.2994    0.5988    0.3992       339

    accuracy                         0.4826      1264
   macro avg     0.2500    0.3140    0.2463      1264
weighted avg     0.3483    0.4826    0.3805      1264

2025-09-08 14:40:05,734 | INFO |  New FOLD 5 best: 0.4826  ->  checkpoints\resnet50_no_aug_kfold\fold_5\model_best.pth
2025-09-08 14:40:05,735 | INFO | Epoch 2/20
2025-09-08 14:40:19,115 | INFO | Train Loss: 1.0543 | Train Acc: 0.5720 | Val Loss: 1.0565 | Val Acc: 0.5902
2025-09-08 14:40:19,121 | INFO | Confusion Matrix:
[[368   0   0   0  54]
 [ 20   8  19  49  77]
 [  0   3  66  49  40]
 [  0   8  29  94  41]
 [ 43   2  52  32 210]]
2025-09-08 14:40:19,121 | INFO | Classification Report:
              precision    recall  f1-score   support

          F0     0.8538    0.8720    0.8628       422
          F1     0.3810    0.0462    0.0825       173
          F2     0.3976    0.4177    0.4074       158
          F3     0.4196    0.5465    0.4747       172
          F4     0.4976    0.6195    0.5519       339

    accuracy                         0.5902      1264
   macro avg     0.5099    0.5004    0.4759      1264
weighted avg     0.5775    0.5902    0.5629      1264

2025-09-08 14:40:19,311 | INFO |  New FOLD 5 best: 0.5902  ->  checkpoints\resnet50_no_aug_kfold\fold_5\model_best.pth
2025-09-08 14:40:19,312 | INFO | Epoch 3/20
2025-09-08 14:40:32,629 | INFO | Train Loss: 0.9951 | Train Acc: 0.6305 | Val Loss: 1.1752 | Val Acc: 0.4937
2025-09-08 14:40:32,635 | INFO | Confusion Matrix:
[[242   4   0   0 176]
 [ 12  36   0  24 101]
 [  0  35   0  42  81]
 [  0  40   0  56  76]
 [  5   9   0  35 290]]
2025-09-08 14:40:32,635 | INFO | Classification Report:
              precision    recall  f1-score   support

          F0     0.9344    0.5735    0.7107       422
          F1     0.2903    0.2081    0.2424       173
          F2     0.0000    0.0000    0.0000       158
          F3     0.3567    0.3256    0.3404       172
          F4     0.4006    0.8555    0.5456       339

    accuracy                         0.4937      1264
   macro avg     0.3964    0.3925    0.3678      1264
weighted avg     0.5076    0.4937    0.4631      1264

2025-09-08 14:40:32,732 | INFO | Epoch 4/20
2025-09-08 14:40:46,031 | INFO | Train Loss: 0.9566 | Train Acc: 0.6408 | Val Loss: 1.0298 | Val Acc: 0.5870
2025-09-08 14:40:46,037 | INFO | Confusion Matrix:
[[325   1   0   0  96]
 [ 17  18  11  21 106]
 [  0   4  31  19 104]
 [  0   7  14  69  82]
 [ 10   5  12  13 299]]
2025-09-08 14:40:46,037 | INFO | Classification Report:
              precision    recall  f1-score   support

          F0     0.9233    0.7701    0.8398       422
          F1     0.5143    0.1040    0.1731       173
          F2     0.4559    0.1962    0.2743       158
          F3     0.5656    0.4012    0.4694       172
          F4     0.4352    0.8820    0.5828       339

    accuracy                         0.5870      1264
   macro avg     0.5789    0.4707    0.4679      1264
weighted avg     0.6293    0.5870    0.5585      1264

2025-09-08 14:40:46,136 | INFO | Epoch 5/20
2025-09-08 14:40:59,443 | INFO | Train Loss: 0.9023 | Train Acc: 0.6780 | Val Loss: 1.0659 | Val Acc: 0.5617
2025-09-08 14:40:59,449 | INFO | Confusion Matrix:
[[422   0   0   0   0]
 [ 62  19  48  11  33]
 [  0   8 108  13  29]
 [  2  19  60  44  47]
 [155   6  50  11 117]]
2025-09-08 14:40:59,450 | INFO | Classification Report:
              precision    recall  f1-score   support

          F0     0.6583    1.0000    0.7940       422
          F1     0.3654    0.1098    0.1689       173
          F2     0.4060    0.6835    0.5094       158
          F3     0.5570    0.2558    0.3506       172
          F4     0.5177    0.3451    0.4142       339

    accuracy                         0.5617      1264
   macro avg     0.5009    0.4789    0.4474      1264
weighted avg     0.5352    0.5617    0.5107      1264

2025-09-08 14:40:59,546 | INFO | Epoch 6/20
2025-09-08 14:41:12,828 | INFO | Train Loss: 0.8167 | Train Acc: 0.7437 | Val Loss: 1.0056 | Val Acc: 0.5997
2025-09-08 14:41:12,834 | INFO | Confusion Matrix:
[[330   0   0   0  92]
 [ 14   2   0  99  58]
 [  0   0   5 140  13]
 [  0   0   0 160  12]
 [  4   0   2  72 261]]
2025-09-08 14:41:12,834 | INFO | Classification Report:
              precision    recall  f1-score   support

          F0     0.9483    0.7820    0.8571       422
          F1     1.0000    0.0116    0.0229       173
          F2     0.7143    0.0316    0.0606       158
          F3     0.3397    0.9302    0.4977       172
          F4     0.5986    0.7699    0.6735       339

    accuracy                         0.5997      1264
   macro avg     0.7202    0.5051    0.4224      1264
weighted avg     0.7495    0.5997    0.5452      1264

2025-09-08 14:41:13,043 | INFO |  New FOLD 5 best: 0.5997  ->  checkpoints\resnet50_no_aug_kfold\fold_5\model_best.pth
2025-09-08 14:41:13,044 | INFO | Epoch 7/20
2025-09-08 14:41:26,380 | INFO | Train Loss: 0.6902 | Train Acc: 0.8283 | Val Loss: 0.8031 | Val Acc: 0.7342
2025-09-08 14:41:26,387 | INFO | Confusion Matrix:
[[410   0   0   0  12]
 [ 17  25  20  68  43]
 [  0   0  59  54  45]
 [  0   0  11 137  24]
 [  6   3  14  19 297]]
2025-09-08 14:41:26,387 | INFO | Classification Report:
              precision    recall  f1-score   support

          F0     0.9469    0.9716    0.9591       422
          F1     0.8929    0.1445    0.2488       173
          F2     0.5673    0.3734    0.4504       158
          F3     0.4928    0.7965    0.6089       172
          F4     0.7055    0.8761    0.7816       339

    accuracy                         0.7342      1264
   macro avg     0.7211    0.6324    0.6097      1264
weighted avg     0.7655    0.7342    0.7030      1264

2025-09-08 14:41:26,588 | INFO |  New FOLD 5 best: 0.7342  ->  checkpoints\resnet50_no_aug_kfold\fold_5\model_best.pth
2025-09-08 14:41:26,588 | INFO | Epoch 8/20
2025-09-08 14:41:39,857 | INFO | Train Loss: 0.5282 | Train Acc: 0.9082 | Val Loss: 0.9246 | Val Acc: 0.7247
2025-09-08 14:41:39,863 | INFO | Confusion Matrix:
[[387  25   0   0  10]
 [  4 109   0  15  45]
 [  0  30   4  24 100]
 [  0   5   0  97  70]
 [  3  13   0   4 319]]
2025-09-08 14:41:39,863 | INFO | Classification Report:
              precision    recall  f1-score   support

          F0     0.9822    0.9171    0.9485       422
          F1     0.5989    0.6301    0.6141       173
          F2     1.0000    0.0253    0.0494       158
          F3     0.6929    0.5640    0.6218       172
          F4     0.5864    0.9410    0.7225       339

    accuracy                         0.7247      1264
   macro avg     0.7721    0.6155    0.5913      1264
weighted avg     0.7864    0.7247    0.6853      1264

2025-09-08 14:41:39,960 | INFO | Epoch 9/20
2025-09-08 14:41:53,291 | INFO | Train Loss: 0.4038 | Train Acc: 0.9620 | Val Loss: 0.6989 | Val Acc: 0.7880
2025-09-08 14:41:53,297 | INFO | Confusion Matrix:
[[422   0   0   0   0]
 [ 26  70  36  21  20]
 [  0   0 127  19  12]
 [  0   0  66  93  13]
 [ 12   3  29  11 284]]
2025-09-08 14:41:53,297 | INFO | Classification Report:
              precision    recall  f1-score   support

          F0     0.9174    1.0000    0.9569       422
          F1     0.9589    0.4046    0.5691       173
          F2     0.4922    0.8038    0.6106       158
          F3     0.6458    0.5407    0.5886       172
          F4     0.8632    0.8378    0.8503       339

    accuracy                         0.7880      1264
   macro avg     0.7755    0.7174    0.7151      1264
weighted avg     0.8184    0.7880    0.7818      1264

2025-09-08 14:41:53,493 | INFO |  New FOLD 5 best: 0.7880  ->  checkpoints\resnet50_no_aug_kfold\fold_5\model_best.pth
2025-09-08 14:41:53,494 | INFO | Epoch 10/20
2025-09-08 14:42:06,748 | INFO | Train Loss: 0.3084 | Train Acc: 0.9960 | Val Loss: 0.6969 | Val Acc: 0.8014
2025-09-08 14:42:06,754 | INFO | Confusion Matrix:
[[409  11   0   0   2]
 [  7 134  15  12   5]
 [  0  54  94   7   3]
 [  0  26  39 104   3]
 [  6  23  29   9 272]]
2025-09-08 14:42:06,755 | INFO | Classification Report:
              precision    recall  f1-score   support

          F0     0.9692    0.9692    0.9692       422
          F1     0.5403    0.7746    0.6366       173
          F2     0.5311    0.5949    0.5612       158
          F3     0.7879    0.6047    0.6842       172
          F4     0.9544    0.8024    0.8718       339

    accuracy                         0.8014      1264
   macro avg     0.7566    0.7491    0.7446      1264
weighted avg     0.8271    0.8014    0.8078      1264

2025-09-08 14:42:06,950 | INFO |  New FOLD 5 best: 0.8014  ->  checkpoints\resnet50_no_aug_kfold\fold_5\model_best.pth
2025-09-08 14:42:06,951 | INFO | Epoch 11/20
2025-09-08 14:42:20,191 | INFO | Train Loss: 0.2691 | Train Acc: 1.0000 | Val Loss: 0.6826 | Val Acc: 0.7975
2025-09-08 14:42:20,198 | INFO | Confusion Matrix:
[[414   0   0   0   8]
 [ 12  89  14   6  52]
 [  0   2  90  13  53]
 [  2   4  17  99  50]
 [  3   4  10   6 316]]
2025-09-08 14:42:20,198 | INFO | Classification Report:
              precision    recall  f1-score   support

          F0     0.9606    0.9810    0.9707       422
          F1     0.8990    0.5145    0.6544       173
          F2     0.6870    0.5696    0.6228       158
          F3     0.7984    0.5756    0.6689       172
          F4     0.6597    0.9322    0.7726       339

    accuracy                         0.7975      1264
   macro avg     0.8009    0.7146    0.7379      1264
weighted avg     0.8152    0.7975    0.7897      1264

2025-09-08 14:42:20,293 | INFO | Epoch 12/20
2025-09-08 14:42:33,619 | INFO | Train Loss: 0.2496 | Train Acc: 1.0000 | Val Loss: 0.6042 | Val Acc: 0.8252
2025-09-08 14:42:33,625 | INFO | Confusion Matrix:
[[422   0   0   0   0]
 [  9 114  31   9  10]
 [  0  16 123  16   3]
 [  0   7  53 106   6]
 [  9   6  34  12 278]]
2025-09-08 14:42:33,626 | INFO | Classification Report:
              precision    recall  f1-score   support

          F0     0.9591    1.0000    0.9791       422
          F1     0.7972    0.6590    0.7215       173
          F2     0.5104    0.7785    0.6165       158
          F3     0.7413    0.6163    0.6730       172
          F4     0.9360    0.8201    0.8742       339

    accuracy                         0.8252      1264
   macro avg     0.7888    0.7748    0.7729      1264
weighted avg     0.8450    0.8252    0.8288      1264

2025-09-08 14:42:33,824 | INFO |  New FOLD 5 best: 0.8252  ->  checkpoints\resnet50_no_aug_kfold\fold_5\model_best.pth
2025-09-08 14:42:33,825 | INFO | Epoch 13/20
2025-09-08 14:42:47,158 | INFO | Train Loss: 0.2434 | Train Acc: 1.0000 | Val Loss: 0.5953 | Val Acc: 0.8307
2025-09-08 14:42:47,164 | INFO | Confusion Matrix:
[[420   0   0   0   2]
 [ 11 102  28  14  18]
 [  0   8 118  23   9]
 [  0   3  35 122  12]
 [  8   6  25  12 288]]
2025-09-08 14:42:47,165 | INFO | Classification Report:
              precision    recall  f1-score   support

          F0     0.9567    0.9953    0.9756       422
          F1     0.8571    0.5896    0.6986       173
          F2     0.5728    0.7468    0.6484       158
          F3     0.7135    0.7093    0.7114       172
          F4     0.8754    0.8496    0.8623       339

    accuracy                         0.8307      1264
   macro avg     0.7951    0.7781    0.7792      1264
weighted avg     0.8402    0.8307    0.8304      1264

2025-09-08 14:42:47,365 | INFO |  New FOLD 5 best: 0.8307  ->  checkpoints\resnet50_no_aug_kfold\fold_5\model_best.pth
2025-09-08 14:42:47,365 | INFO | Epoch 14/20
2025-09-08 14:43:00,751 | INFO | Train Loss: 0.2416 | Train Acc: 1.0000 | Val Loss: 0.6067 | Val Acc: 0.8165
2025-09-08 14:43:00,758 | INFO | Confusion Matrix:
[[416   4   0   0   2]
 [  6 133  17   4  13]
 [  0  30 105  14   9]
 [  0  34  33  91  14]
 [  6  24  15   7 287]]
2025-09-08 14:43:00,759 | INFO | Classification Report:
              precision    recall  f1-score   support

          F0     0.9720    0.9858    0.9788       422
          F1     0.5911    0.7688    0.6683       173
          F2     0.6176    0.6646    0.6402       158
          F3     0.7845    0.5291    0.6319       172
          F4     0.8831    0.8466    0.8645       339

    accuracy                         0.8165      1264
   macro avg     0.7697    0.7590    0.7568      1264
weighted avg     0.8262    0.8165    0.8161      1264

2025-09-08 14:43:00,857 | INFO | Epoch 15/20
2025-09-08 14:43:14,363 | INFO | Train Loss: 0.2378 | Train Acc: 1.0000 | Val Loss: 0.6137 | Val Acc: 0.8204
2025-09-08 14:43:14,373 | INFO | Confusion Matrix:
[[422   0   0   0   0]
 [ 10 121  13   6  23]
 [  0  17  95  16  30]
 [  2  23  18  98  31]
 [  9   9  12   8 301]]
2025-09-08 14:43:14,373 | INFO | Classification Report:
              precision    recall  f1-score   support

          F0     0.9526    1.0000    0.9757       422
          F1     0.7118    0.6994    0.7055       173
          F2     0.6884    0.6013    0.6419       158
          F3     0.7656    0.5698    0.6533       172
          F4     0.7818    0.8879    0.8315       339

    accuracy                         0.8204      1264
   macro avg     0.7800    0.7517    0.7616      1264
weighted avg     0.8154    0.8204    0.8145      1264

2025-09-08 14:43:14,469 | INFO | Epoch 16/20
2025-09-08 14:43:28,010 | INFO | Train Loss: 0.2356 | Train Acc: 1.0000 | Val Loss: 0.5983 | Val Acc: 0.8299
2025-09-08 14:43:28,017 | INFO | Confusion Matrix:
[[422   0   0   0   0]
 [ 12 115  23   7  16]
 [  2  11 111  17  17]
 [  2   8  37 103  22]
 [  9   8  14  10 298]]
2025-09-08 14:43:28,018 | INFO | Classification Report:
              precision    recall  f1-score   support

          F0     0.9441    1.0000    0.9712       422
          F1     0.8099    0.6647    0.7302       173
          F2     0.6000    0.7025    0.6472       158
          F3     0.7518    0.5988    0.6667       172
          F4     0.8442    0.8791    0.8613       339

    accuracy                         0.8299      1264
   macro avg     0.7900    0.7690    0.7753      1264
weighted avg     0.8297    0.8299    0.8268      1264

2025-09-08 14:43:28,125 | INFO | Epoch 17/20
2025-09-08 14:43:41,415 | INFO | Train Loss: 0.2345 | Train Acc: 1.0000 | Val Loss: 0.6160 | Val Acc: 0.8101
2025-09-08 14:43:41,421 | INFO | Confusion Matrix:
[[418   0   0   0   4]
 [  8 100  36   6  23]
 [  0   5 133  12   8]
 [  0   3  67  87  15]
 [  7   1  37   8 286]]
2025-09-08 14:43:41,421 | INFO | Classification Report:
              precision    recall  f1-score   support

          F0     0.9654    0.9905    0.9778       422
          F1     0.9174    0.5780    0.7092       173
          F2     0.4872    0.8418    0.6172       158
          F3     0.7699    0.5058    0.6105       172
          F4     0.8512    0.8437    0.8474       339

    accuracy                         0.8101      1264
   macro avg     0.7982    0.7520    0.7524      1264
weighted avg     0.8418    0.8101    0.8110      1264

2025-09-08 14:43:41,517 | INFO | Epoch 18/20
2025-09-08 14:43:54,821 | INFO | Train Loss: 0.2342 | Train Acc: 1.0000 | Val Loss: 0.6004 | Val Acc: 0.8220
2025-09-08 14:43:54,827 | INFO | Confusion Matrix:
[[416   0   0   0   6]
 [ 11  95  16  18  33]
 [  0   7 101  23  27]
 [  0   2  17 121  32]
 [  7   4  12  10 306]]
2025-09-08 14:43:54,828 | INFO | Classification Report:
              precision    recall  f1-score   support

          F0     0.9585    0.9858    0.9720       422
          F1     0.8796    0.5491    0.6762       173
          F2     0.6918    0.6392    0.6645       158
          F3     0.7035    0.7035    0.7035       172
          F4     0.7574    0.9027    0.8237       339

    accuracy                         0.8220      1264
   macro avg     0.7982    0.7561    0.7680      1264
weighted avg     0.8257    0.8220    0.8167      1264

2025-09-08 14:43:54,920 | INFO | Epoch 19/20
2025-09-08 14:44:08,198 | INFO | Train Loss: 0.2349 | Train Acc: 1.0000 | Val Loss: 0.5991 | Val Acc: 0.8283
2025-09-08 14:44:08,205 | INFO | Confusion Matrix:
[[416   4   0   0   2]
 [  6 120  29   7  11]
 [  0   5 131  16   6]
 [  0   9  54 102   7]
 [  6   6  35  14 278]]
2025-09-08 14:44:08,205 | INFO | Classification Report:
              precision    recall  f1-score   support

          F0     0.9720    0.9858    0.9788       422
          F1     0.8333    0.6936    0.7571       173
          F2     0.5261    0.8291    0.6437       158
          F3     0.7338    0.5930    0.6559       172
          F4     0.9145    0.8201    0.8647       339

    accuracy                         0.8283      1264
   macro avg     0.7959    0.7843    0.7801      1264
weighted avg     0.8494    0.8283    0.8320      1264

2025-09-08 14:44:08,307 | INFO | Epoch 20/20
2025-09-08 14:44:21,535 | INFO | Train Loss: 0.2323 | Train Acc: 1.0000 | Val Loss: 0.5884 | Val Acc: 0.8362
2025-09-08 14:44:21,541 | INFO | Confusion Matrix:
[[420   0   0   0   2]
 [  8 122  13  10  20]
 [  0  18  96  18  26]
 [  2  11  15 112  32]
 [  6   6  10  10 307]]
2025-09-08 14:44:21,541 | INFO | Classification Report:
              precision    recall  f1-score   support

          F0     0.9633    0.9953    0.9790       422
          F1     0.7771    0.7052    0.7394       173
          F2     0.7164    0.6076    0.6575       158
          F3     0.7467    0.6512    0.6957       172
          F4     0.7933    0.9056    0.8457       339

    accuracy                         0.8362      1264
   macro avg     0.7993    0.7730    0.7835      1264
weighted avg     0.8319    0.8362    0.8317      1264

2025-09-08 14:44:21,739 | INFO |  New FOLD 5 best: 0.8362  ->  checkpoints\resnet50_no_aug_kfold\fold_5\model_best.pth
2025-09-08 14:44:21,739 | INFO | Best Val Acc for Fold 5: 0.8362
2025-09-08 14:44:21,740 | INFO | 
==== K-FOLD RESULTS ====
2025-09-08 14:44:21,741 | INFO | Fold 1: 0.8395
2025-09-08 14:44:21,741 | INFO | Fold 2: 0.8206
2025-09-08 14:44:21,742 | INFO | Fold 3: 0.8451
2025-09-08 14:44:21,742 | INFO | Fold 4: 0.8402
2025-09-08 14:44:21,742 | INFO | Fold 5: 0.8362
2025-09-08 14:44:21,743 | INFO | Average Acc: 0.8363
2025-09-08 14:44:21,745 | INFO | Wrote results JSON: checkpoints\resnet50_no_aug_kfold\kfold_results.json
2025-09-08 14:44:21,745 | INFO | ======== Run finished ========
